2025-09-08 16:55:39,307 - INFO - Shanghai Direct Collector initialized
2025-09-08 16:55:39,308 - INFO - Data directory: qlib_shanghai_data
2025-09-08 16:55:39,308 - INFO - Date range: 20241201 to 20241210
2025-09-08 16:55:39,308 - INFO - ============================================================
2025-09-08 16:55:39,308 - INFO - SHANGHAI STOCK DIRECT COLLECTION
2025-09-08 16:55:39,308 - INFO - ============================================================
2025-09-08 16:55:39,308 - INFO - Step 1: Collecting stock data...
2025-09-08 16:55:39,308 - INFO - Fetching Shanghai stock list...
2025-09-08 16:55:45,694 - INFO - Found 2283 Shanghai stocks
2025-09-08 16:55:45,694 - INFO - Limited to first 3 stocks
2025-09-08 16:55:45,694 - INFO - Starting collection for 3 stocks...
2025-09-08 16:55:45,694 - INFO - Processing 1/3: 600000
2025-09-08 16:55:47,852 - INFO - Processing 2/3: 600004
2025-09-08 16:55:49,999 - INFO - Processing 3/3: 600006
2025-09-08 16:55:52,177 - INFO - Collection completed: 3 successful, 0 failed
2025-09-08 16:55:52,178 - INFO - Step 2: Converting to Qlib format...
2025-09-08 16:55:52,178 - INFO - Converting to Qlib binary format...
2025-09-08 16:55:52,201 - ERROR - Error converting to Qlib format: DumpDataBase.__init__() got an unexpected keyword argument 'csv_path'
2025-09-08 16:55:52,201 - ERROR - Qlib format conversion failed!
2025-09-08 16:55:52,201 - ERROR - Shanghai stock collection failed!
2025-09-08 16:57:20,363 - INFO - Shanghai Direct Collector initialized
2025-09-08 16:57:20,363 - INFO - Data directory: qlib_shanghai_data
2025-09-08 16:57:20,363 - INFO - Date range: 20241201 to 20241210
2025-09-08 16:57:20,363 - INFO - ============================================================
2025-09-08 16:57:20,363 - INFO - SHANGHAI STOCK DIRECT COLLECTION
2025-09-08 16:57:20,363 - INFO - ============================================================
2025-09-08 16:57:20,363 - INFO - Step 1: Collecting stock data...
2025-09-08 16:57:20,363 - INFO - Fetching Shanghai stock list...
2025-09-08 16:57:26,906 - INFO - Found 2283 Shanghai stocks
2025-09-08 16:57:26,906 - INFO - Limited to first 3 stocks
2025-09-08 16:57:26,906 - INFO - Starting collection for 3 stocks...
2025-09-08 16:57:26,906 - INFO - Processing 1/3: 600000
2025-09-08 16:57:29,065 - INFO - Processing 2/3: 600004
2025-09-08 16:57:31,207 - INFO - Processing 3/3: 600006
2025-09-08 16:57:33,353 - INFO - Collection completed: 3 successful, 0 failed
2025-09-08 16:57:33,353 - INFO - Step 2: Converting to Qlib format...
2025-09-08 16:57:33,353 - INFO - Converting to Qlib binary format...
2025-09-08 16:57:36,020 - INFO - Qlib binary data created at: qlib_shanghai_data/qlib_data
2025-09-08 16:57:36,020 - INFO - ============================================================
2025-09-08 16:57:36,020 - INFO - COLLECTION COMPLETED SUCCESSFULLY!
2025-09-08 16:57:36,020 - INFO - ============================================================
2025-09-08 16:57:36,020 - INFO - Qlib data available at: qlib_shanghai_data/qlib_data
2025-09-08 16:57:36,020 - INFO - You can now use this data with Qlib by setting:
2025-09-08 16:57:36,020 - INFO - qlib.init(provider_uri='qlib_shanghai_data/qlib_data', region='cn')
2025-09-08 16:57:36,020 - INFO - Shanghai stock collection completed successfully!
2025-09-08 17:01:02,203 - INFO - Shanghai Direct Collector initialized
2025-09-08 17:01:02,203 - INFO - Data directory: qlib_shanghai_full_data
2025-09-08 17:01:02,203 - INFO - Date range: 20220101 to 20250101
2025-09-08 17:01:02,203 - INFO - ============================================================
2025-09-08 17:01:02,203 - INFO - SHANGHAI STOCK DIRECT COLLECTION
2025-09-08 17:01:02,203 - INFO - ============================================================
2025-09-08 17:01:02,203 - INFO - Step 1: Collecting stock data...
2025-09-08 17:01:02,203 - INFO - Fetching Shanghai stock list...
2025-09-08 17:01:08,585 - INFO - Found 2283 Shanghai stocks
2025-09-08 17:01:08,585 - INFO - Starting collection for 2283 stocks...
2025-09-08 17:01:08,585 - INFO - Processing 1/2283: 600000
2025-09-08 17:01:10,280 - INFO - Processing 2/2283: 600004
2025-09-08 17:01:11,966 - INFO - Processing 3/2283: 600006
2025-09-08 17:01:13,658 - INFO - Processing 4/2283: 600007
2025-09-08 17:01:15,351 - INFO - Processing 5/2283: 600008
2025-09-08 17:01:17,029 - INFO - Processing 6/2283: 600009
2025-09-08 17:01:18,732 - INFO - Processing 7/2283: 600010
2025-09-08 17:01:20,442 - INFO - Processing 8/2283: 600011
2025-09-08 17:01:22,130 - INFO - Processing 9/2283: 600012
2025-09-08 17:01:23,836 - INFO - Processing 10/2283: 600015
2025-09-08 17:01:25,538 - INFO - Processing 11/2283: 600016
2025-09-08 17:01:27,212 - INFO - Processing 12/2283: 600017
2025-09-08 17:01:28,902 - INFO - Processing 13/2283: 600018
2025-09-08 17:01:30,594 - INFO - Processing 14/2283: 600019
2025-09-08 17:01:32,285 - INFO - Processing 15/2283: 600020
2025-09-08 17:01:33,971 - INFO - Processing 16/2283: 600021
2025-09-08 17:01:35,684 - INFO - Processing 17/2283: 600022
2025-09-08 17:01:37,366 - INFO - Processing 18/2283: 600023
2025-09-08 17:01:39,074 - INFO - Processing 19/2283: 600025
2025-09-08 17:01:40,794 - INFO - Processing 20/2283: 600026
2025-09-08 17:01:42,494 - INFO - Processing 21/2283: 600027
2025-09-08 17:01:44,190 - INFO - Processing 22/2283: 600028
2025-09-08 17:01:45,865 - INFO - Processing 23/2283: 600029
2025-09-08 17:01:47,560 - INFO - Processing 24/2283: 600030
2025-09-08 17:01:49,261 - INFO - Processing 25/2283: 600031
2025-09-08 17:01:50,956 - INFO - Processing 26/2283: 600032
2025-09-08 17:01:52,645 - INFO - Processing 27/2283: 600033
2025-09-08 17:01:54,376 - INFO - Processing 28/2283: 600035
2025-09-08 17:01:56,062 - INFO - Processing 29/2283: 600036
2025-09-08 17:01:57,761 - INFO - Processing 30/2283: 600037
2025-09-08 17:01:59,453 - INFO - Processing 31/2283: 600038
2025-09-08 17:02:01,146 - INFO - Processing 32/2283: 600039
2025-09-08 17:02:02,828 - INFO - Processing 33/2283: 600048
2025-09-08 17:02:04,517 - INFO - Processing 34/2283: 600050
2025-09-08 17:02:06,209 - INFO - Processing 35/2283: 600051
2025-09-08 17:02:07,899 - INFO - Processing 36/2283: 600052
2025-09-08 17:02:09,573 - INFO - Processing 37/2283: 600053
2025-09-08 17:02:11,276 - INFO - Processing 38/2283: 600054
2025-09-08 17:02:12,972 - INFO - Processing 39/2283: 600055
2025-09-08 17:02:14,684 - INFO - Processing 40/2283: 600056
2025-09-08 17:02:16,383 - INFO - Processing 41/2283: 600057
2025-09-08 17:02:18,071 - INFO - Processing 42/2283: 600058
2025-09-08 17:02:19,757 - INFO - Processing 43/2283: 600059
2025-09-08 17:02:40,475 - INFO - Processing 44/2283: 600060
2025-09-08 17:02:42,168 - INFO - Processing 45/2283: 600061
2025-09-08 17:02:43,865 - INFO - Processing 46/2283: 600062
2025-09-08 17:02:45,572 - INFO - Processing 47/2283: 600063
2025-09-08 17:02:47,253 - INFO - Processing 48/2283: 600064
2025-09-08 17:02:48,961 - INFO - Processing 49/2283: 600066
2025-09-08 17:02:50,675 - INFO - Processing 50/2283: 600067
2025-09-08 17:02:52,380 - INFO - Progress: 50/2283 - Success: 50, Failed: 0
2025-09-08 17:02:52,381 - INFO - Processing 51/2283: 600071
2025-09-08 17:02:54,071 - INFO - Processing 52/2283: 600072
2025-09-08 17:02:55,788 - INFO - Processing 53/2283: 600073
2025-09-08 17:02:57,485 - INFO - Processing 54/2283: 600075
2025-09-08 17:02:59,193 - INFO - Processing 55/2283: 600076
2025-09-08 17:03:00,887 - INFO - Processing 56/2283: 600078
2025-09-08 17:03:02,579 - INFO - Processing 57/2283: 600079
2025-09-08 17:03:04,272 - INFO - Processing 58/2283: 600080
2025-09-08 17:03:05,971 - INFO - Processing 59/2283: 600081
2025-09-08 17:03:07,690 - INFO - Processing 60/2283: 600082
2025-09-08 17:03:09,395 - INFO - Processing 61/2283: 600084
2025-09-08 17:03:11,077 - INFO - Processing 62/2283: 600085
2025-09-08 17:03:12,785 - INFO - Processing 63/2283: 600088
2025-09-08 17:03:14,482 - INFO - Processing 64/2283: 600089
2025-09-08 17:03:16,183 - INFO - Processing 65/2283: 600094
2025-09-08 17:03:17,881 - INFO - Processing 66/2283: 600095
2025-09-08 17:03:19,593 - INFO - Processing 67/2283: 600096
2025-09-08 17:03:21,298 - INFO - Processing 68/2283: 600097
2025-09-08 17:03:23,034 - INFO - Processing 69/2283: 600098
2025-09-08 17:03:24,728 - INFO - Processing 70/2283: 600099
2025-09-08 17:03:26,403 - INFO - Processing 71/2283: 600100
2025-09-08 17:03:28,115 - INFO - Processing 72/2283: 600101
2025-09-08 17:03:29,807 - INFO - Processing 73/2283: 600103
2025-09-08 17:03:31,504 - INFO - Processing 74/2283: 600104
2025-09-08 17:03:33,204 - INFO - Processing 75/2283: 600105
2025-09-08 17:03:34,900 - INFO - Processing 76/2283: 600106
2025-09-08 17:03:36,590 - INFO - Processing 77/2283: 600107
2025-09-08 17:03:38,286 - INFO - Processing 78/2283: 600108
2025-09-08 17:03:39,981 - INFO - Processing 79/2283: 600109
2025-09-08 17:03:41,663 - INFO - Processing 80/2283: 600110
2025-09-08 17:03:43,347 - INFO - Processing 81/2283: 600111
2025-09-08 17:03:45,050 - INFO - Processing 82/2283: 600113
2025-09-08 17:03:46,729 - INFO - Processing 83/2283: 600114
2025-09-08 17:03:48,423 - INFO - Processing 84/2283: 600115
2025-09-08 17:03:50,124 - INFO - Processing 85/2283: 600116
2025-09-08 17:03:51,827 - INFO - Processing 86/2283: 600117
2025-09-08 17:03:53,519 - INFO - Processing 87/2283: 600118
2025-09-08 17:03:55,215 - INFO - Processing 88/2283: 600119
2025-09-08 17:03:56,915 - INFO - Processing 89/2283: 600120
2025-09-08 17:03:58,611 - INFO - Processing 90/2283: 600121
2025-09-08 17:04:00,299 - INFO - Processing 91/2283: 600123
2025-09-08 17:04:01,995 - INFO - Processing 92/2283: 600125
2025-09-08 17:04:03,694 - INFO - Processing 93/2283: 600126
2025-09-08 17:04:05,396 - INFO - Processing 94/2283: 600127
2025-09-08 17:04:07,085 - INFO - Processing 95/2283: 600128
2025-09-08 17:04:08,769 - INFO - Processing 96/2283: 600129
2025-09-08 17:04:10,468 - INFO - Processing 97/2283: 600130
2025-09-08 17:04:12,167 - INFO - Processing 98/2283: 600131
2025-09-08 17:04:13,876 - INFO - Processing 99/2283: 600132
2025-09-08 17:04:15,587 - INFO - Processing 100/2283: 600133
2025-09-08 17:04:17,280 - INFO - Progress: 100/2283 - Success: 100, Failed: 0
2025-09-08 17:04:17,280 - INFO - Processing 101/2283: 600135
2025-09-08 17:04:18,973 - INFO - Processing 102/2283: 600136
2025-09-08 17:04:20,664 - INFO - Processing 103/2283: 600137
2025-09-08 17:04:22,356 - INFO - Processing 104/2283: 600138
2025-09-08 17:04:24,061 - INFO - Processing 105/2283: 600141
2025-09-08 17:04:25,748 - INFO - Processing 106/2283: 600143
2025-09-08 17:04:27,496 - INFO - Processing 107/2283: 600148
2025-09-08 17:04:29,209 - INFO - Processing 108/2283: 600149
2025-09-08 17:04:30,906 - INFO - Processing 109/2283: 600150
2025-09-08 17:04:32,610 - INFO - Processing 110/2283: 600151
2025-09-08 17:04:34,304 - INFO - Processing 111/2283: 600152
2025-09-08 17:04:36,430 - INFO - Processing 112/2283: 600153
2025-09-08 17:04:38,131 - INFO - Processing 113/2283: 600155
2025-09-08 17:04:39,822 - INFO - Processing 114/2283: 600156
2025-09-08 17:04:41,570 - INFO - Processing 115/2283: 600157
2025-09-08 17:04:43,267 - INFO - Processing 116/2283: 600158
2025-09-08 17:04:44,953 - INFO - Processing 117/2283: 600159
2025-09-08 17:04:46,642 - INFO - Processing 118/2283: 600160
2025-09-08 17:04:48,334 - INFO - Processing 119/2283: 600161
2025-09-08 17:04:50,034 - INFO - Processing 120/2283: 600162
2025-09-08 17:04:51,719 - INFO - Processing 121/2283: 600163
2025-09-08 17:04:53,410 - INFO - Processing 122/2283: 600165
2025-09-08 17:04:55,118 - INFO - Processing 123/2283: 600166
2025-09-08 17:04:56,814 - INFO - Processing 124/2283: 600167
2025-09-08 17:04:58,491 - INFO - Processing 125/2283: 600168
2025-09-08 17:05:00,174 - INFO - Processing 126/2283: 600169
2025-09-08 17:05:01,857 - INFO - Processing 127/2283: 600170
2025-09-08 17:05:03,530 - INFO - Processing 128/2283: 600171
2025-09-08 17:05:05,231 - INFO - Processing 129/2283: 600172
2025-09-08 17:05:06,922 - INFO - Processing 130/2283: 600173
2025-09-08 17:05:08,619 - INFO - Processing 131/2283: 600176
2025-09-08 17:05:10,328 - INFO - Processing 132/2283: 600177
2025-09-08 17:05:12,023 - INFO - Processing 133/2283: 600178
2025-09-08 17:05:13,688 - INFO - Processing 134/2283: 600179
2025-09-08 17:05:15,370 - INFO - Processing 135/2283: 600180
2025-09-08 17:05:17,051 - INFO - Processing 136/2283: 600182
2025-09-08 17:05:18,731 - INFO - Processing 137/2283: 600183
2025-09-08 17:05:20,442 - INFO - Processing 138/2283: 600184
2025-09-08 17:05:22,142 - INFO - Processing 139/2283: 600185
2025-09-08 17:05:23,819 - INFO - Processing 140/2283: 600186
2025-09-08 17:05:25,511 - INFO - Processing 141/2283: 600187
2025-09-08 17:05:27,200 - INFO - Processing 142/2283: 600188
2025-09-08 17:05:28,873 - INFO - Processing 143/2283: 600189
2025-09-08 17:05:30,576 - INFO - Processing 144/2283: 600191
2025-09-08 17:05:32,276 - INFO - Processing 145/2283: 600192
2025-09-08 17:05:33,944 - INFO - Processing 146/2283: 600193
2025-09-08 17:05:35,733 - INFO - Processing 147/2283: 600195
2025-09-08 17:05:37,437 - INFO - Processing 148/2283: 600196
2025-09-08 17:05:39,127 - INFO - Processing 149/2283: 600197
2025-09-08 17:05:40,833 - INFO - Processing 150/2283: 600198
2025-09-08 17:05:42,530 - INFO - Progress: 150/2283 - Success: 150, Failed: 0
2025-09-08 17:05:42,530 - INFO - Processing 151/2283: 600199
2025-09-08 17:05:44,218 - INFO - Processing 152/2283: 600200
2025-09-08 17:05:45,903 - INFO - Processing 153/2283: 600201
2025-09-08 17:05:47,598 - INFO - Processing 154/2283: 600202
2025-09-08 17:05:49,274 - INFO - Processing 155/2283: 600203
2025-09-08 17:05:50,977 - INFO - Processing 156/2283: 600206
2025-09-08 17:05:52,672 - INFO - Processing 157/2283: 600207
2025-09-08 17:05:54,369 - INFO - Processing 158/2283: 600208
2025-09-08 17:05:56,074 - INFO - Processing 159/2283: 600210
2025-09-08 17:05:57,751 - INFO - Processing 160/2283: 600211
2025-09-08 17:05:59,445 - INFO - Processing 161/2283: 600212
2025-09-08 17:06:01,128 - INFO - Processing 162/2283: 600215
2025-09-08 17:06:02,816 - INFO - Processing 163/2283: 600216
2025-09-08 17:06:04,504 - INFO - Processing 164/2283: 600217
2025-09-08 17:06:06,209 - INFO - Processing 165/2283: 600218
2025-09-08 17:06:07,911 - INFO - Processing 166/2283: 600219
2025-09-08 17:06:09,594 - INFO - Processing 167/2283: 600221
2025-09-08 17:06:11,283 - INFO - Processing 168/2283: 600222
2025-09-08 17:06:12,973 - INFO - Processing 169/2283: 600223
2025-09-08 17:06:14,664 - INFO - Processing 170/2283: 600226
2025-09-08 17:06:16,345 - INFO - Processing 171/2283: 600227
2025-09-08 17:06:18,046 - INFO - Processing 172/2283: 600228
2025-09-08 17:06:19,754 - INFO - Processing 173/2283: 600229
2025-09-08 17:06:21,445 - INFO - Processing 174/2283: 600230
2025-09-08 17:06:23,144 - INFO - Processing 175/2283: 600231
2025-09-08 17:06:24,844 - INFO - Processing 176/2283: 600232
2025-09-08 17:06:26,550 - INFO - Processing 177/2283: 600233
2025-09-08 17:06:28,384 - INFO - Processing 178/2283: 600234
2025-09-08 17:06:30,063 - INFO - Processing 179/2283: 600235
2025-09-08 17:06:31,754 - INFO - Processing 180/2283: 600236
2025-09-08 17:06:33,431 - INFO - Processing 181/2283: 600237
2025-09-08 17:06:35,188 - INFO - Processing 182/2283: 600238
2025-09-08 17:06:36,861 - INFO - Processing 183/2283: 600239
2025-09-08 17:06:38,548 - INFO - Processing 184/2283: 600241
2025-09-08 17:06:40,239 - INFO - Processing 185/2283: 600243
2025-09-08 17:06:41,929 - INFO - Processing 186/2283: 600246
2025-09-08 17:06:43,619 - INFO - Processing 187/2283: 600248
2025-09-08 17:06:45,315 - INFO - Processing 188/2283: 600249
2025-09-08 17:06:47,006 - INFO - Processing 189/2283: 600250
2025-09-08 17:06:48,693 - INFO - Processing 190/2283: 600251
2025-09-08 17:06:50,391 - INFO - Processing 191/2283: 600252
2025-09-08 17:06:52,095 - INFO - Processing 192/2283: 600255
2025-09-08 17:06:53,786 - INFO - Processing 193/2283: 600256
2025-09-08 17:06:55,499 - INFO - Processing 194/2283: 600257
2025-09-08 17:06:57,200 - INFO - Processing 195/2283: 600258
2025-09-08 17:06:58,896 - INFO - Processing 196/2283: 600259
2025-09-08 17:07:00,583 - INFO - Processing 197/2283: 600261
2025-09-08 17:07:02,283 - INFO - Processing 198/2283: 600262
2025-09-08 17:07:03,969 - INFO - Processing 199/2283: 600265
2025-09-08 17:07:05,665 - INFO - Processing 200/2283: 600266
2025-09-08 17:07:07,366 - INFO - Progress: 200/2283 - Success: 200, Failed: 0
2025-09-08 17:07:07,366 - INFO - Processing 201/2283: 600267
2025-09-08 17:07:09,064 - INFO - Processing 202/2283: 600268
2025-09-08 17:07:10,758 - INFO - Processing 203/2283: 600269
2025-09-08 17:07:12,452 - INFO - Processing 204/2283: 600271
2025-09-08 17:07:14,149 - INFO - Processing 205/2283: 600272
2025-09-08 17:07:15,861 - INFO - Processing 206/2283: 600273
2025-09-08 17:07:17,552 - INFO - Processing 207/2283: 600276
2025-09-08 17:07:19,234 - INFO - Processing 208/2283: 600278
2025-09-08 17:07:20,933 - INFO - Processing 209/2283: 600279
2025-09-08 17:07:22,622 - INFO - Processing 210/2283: 600280
2025-09-08 17:07:24,299 - INFO - Processing 211/2283: 600281
2025-09-08 17:07:25,992 - INFO - Processing 212/2283: 600282
2025-09-08 17:07:27,691 - INFO - Processing 213/2283: 600283
2025-09-08 17:07:29,401 - INFO - Processing 214/2283: 600284
2025-09-08 17:07:31,105 - INFO - Processing 215/2283: 600285
2025-09-08 17:07:32,803 - INFO - Processing 216/2283: 600287
2025-09-08 17:07:34,508 - INFO - Processing 217/2283: 600288
2025-09-08 17:07:36,220 - INFO - Processing 218/2283: 600289
2025-09-08 17:07:37,917 - INFO - Processing 219/2283: 600292
2025-09-08 17:07:39,611 - INFO - Processing 220/2283: 600293
2025-09-08 17:07:41,312 - INFO - Processing 221/2283: 600295
2025-09-08 17:07:42,994 - INFO - Processing 222/2283: 600298
2025-09-08 17:07:44,692 - INFO - Processing 223/2283: 600299
2025-09-08 17:07:46,395 - INFO - Processing 224/2283: 600300
2025-09-08 17:07:48,090 - INFO - Processing 225/2283: 600301
2025-09-08 17:07:49,773 - INFO - Processing 226/2283: 600302
2025-09-08 17:07:51,471 - INFO - Processing 227/2283: 600303
2025-09-08 17:07:53,161 - INFO - Processing 228/2283: 600305
2025-09-08 17:07:54,866 - INFO - Processing 229/2283: 600307
2025-09-08 17:07:56,564 - INFO - Processing 230/2283: 600308
2025-09-08 17:07:58,264 - INFO - Processing 231/2283: 600309
2025-09-08 17:07:59,961 - INFO - Processing 232/2283: 600310
2025-09-08 17:08:01,716 - INFO - Processing 233/2283: 600312
2025-09-08 17:08:03,414 - INFO - Processing 234/2283: 600313
2025-09-08 17:08:05,106 - INFO - Processing 235/2283: 600315
2025-09-08 17:08:06,801 - INFO - Processing 236/2283: 600316
2025-09-08 17:08:08,499 - INFO - Processing 237/2283: 600318
2025-09-08 17:08:10,197 - INFO - Processing 238/2283: 600319
2025-09-08 17:08:11,893 - INFO - Processing 239/2283: 600320
2025-09-08 17:08:13,586 - INFO - Processing 240/2283: 600322
2025-09-08 17:08:15,285 - INFO - Processing 241/2283: 600323
2025-09-08 17:08:16,969 - INFO - Processing 242/2283: 600325
2025-09-08 17:08:18,657 - INFO - Processing 243/2283: 600326
2025-09-08 17:08:20,354 - INFO - Processing 244/2283: 600327
2025-09-08 17:08:22,048 - INFO - Processing 245/2283: 600328
2025-09-08 17:08:23,746 - INFO - Processing 246/2283: 600329
2025-09-08 17:08:25,443 - INFO - Processing 247/2283: 600330
2025-09-08 17:08:27,138 - INFO - Processing 248/2283: 600331
2025-09-08 17:08:28,836 - INFO - Processing 249/2283: 600332
2025-09-08 17:08:30,537 - INFO - Processing 250/2283: 600333
2025-09-08 17:08:32,234 - INFO - Progress: 250/2283 - Success: 250, Failed: 0
2025-09-08 17:08:32,234 - INFO - Processing 251/2283: 600335
2025-09-08 17:08:33,931 - INFO - Processing 252/2283: 600336
2025-09-08 17:08:35,642 - INFO - Processing 253/2283: 600337
2025-09-08 17:08:37,336 - INFO - Processing 254/2283: 600338
2025-09-08 17:08:39,039 - INFO - Processing 255/2283: 600339
2025-09-08 17:08:40,739 - INFO - Processing 256/2283: 600340
2025-09-08 17:08:42,428 - INFO - Processing 257/2283: 600343
2025-09-08 17:08:44,127 - INFO - Processing 258/2283: 600345
2025-09-08 17:08:45,814 - INFO - Processing 259/2283: 600346
2025-09-08 17:08:47,509 - INFO - Processing 260/2283: 600348
2025-09-08 17:08:49,216 - INFO - Processing 261/2283: 600350
2025-09-08 17:08:50,920 - INFO - Processing 262/2283: 600351
2025-09-08 17:08:52,629 - INFO - Processing 263/2283: 600352
2025-09-08 17:08:54,343 - INFO - Processing 264/2283: 600353
2025-09-08 17:08:56,041 - INFO - Processing 265/2283: 600354
2025-09-08 17:08:57,730 - INFO - Processing 266/2283: 600355
2025-09-08 17:08:59,441 - INFO - Processing 267/2283: 600356
2025-09-08 17:09:01,133 - INFO - Processing 268/2283: 600358
2025-09-08 17:09:02,822 - INFO - Processing 269/2283: 600359
2025-09-08 17:09:04,501 - INFO - Processing 270/2283: 600360
2025-09-08 17:09:06,198 - INFO - Processing 271/2283: 600361
2025-09-08 17:09:07,883 - INFO - Processing 272/2283: 600362
2025-09-08 17:09:09,566 - INFO - Processing 273/2283: 600363
2025-09-08 17:09:11,261 - INFO - Processing 274/2283: 600365
2025-09-08 17:09:12,959 - INFO - Processing 275/2283: 600366
2025-09-08 17:09:14,654 - INFO - Processing 276/2283: 600367
2025-09-08 17:09:16,349 - INFO - Processing 277/2283: 600368
2025-09-08 17:09:18,057 - INFO - Processing 278/2283: 600369
2025-09-08 17:09:19,764 - INFO - Processing 279/2283: 600370
2025-09-08 17:09:21,453 - INFO - Processing 280/2283: 600371
2025-09-08 17:09:23,153 - INFO - Processing 281/2283: 600372
2025-09-08 17:09:24,849 - INFO - Processing 282/2283: 600373
2025-09-08 17:09:26,561 - INFO - Processing 283/2283: 600375
2025-09-08 17:09:28,271 - INFO - Processing 284/2283: 600376
2025-09-08 17:09:29,964 - INFO - Processing 285/2283: 600377
2025-09-08 17:09:31,667 - INFO - Processing 286/2283: 600378
2025-09-08 17:09:33,363 - INFO - Processing 287/2283: 600379
2025-09-08 17:09:35,066 - INFO - Processing 288/2283: 600380
2025-09-08 17:09:36,764 - INFO - Processing 289/2283: 600381
2025-09-08 17:09:38,468 - INFO - Processing 290/2283: 600382
2025-09-08 17:09:40,163 - INFO - Processing 291/2283: 600383
2025-09-08 17:09:41,854 - INFO - Processing 292/2283: 600386
2025-09-08 17:09:43,548 - INFO - Processing 293/2283: 600388
2025-09-08 17:09:45,242 - INFO - Processing 294/2283: 600389
2025-09-08 17:09:46,941 - INFO - Processing 295/2283: 600390
2025-09-08 17:09:48,627 - INFO - Processing 296/2283: 600391
2025-09-08 17:09:50,334 - INFO - Processing 297/2283: 600392
2025-09-08 17:09:52,026 - INFO - Processing 298/2283: 600395
2025-09-08 17:09:53,717 - INFO - Processing 299/2283: 600396
2025-09-08 17:09:55,410 - INFO - Processing 300/2283: 600397
2025-09-08 17:09:57,104 - INFO - Progress: 300/2283 - Success: 300, Failed: 0
2025-09-08 17:09:57,104 - INFO - Processing 301/2283: 600398
2025-09-08 17:09:58,789 - INFO - Processing 302/2283: 600399
2025-09-08 17:10:00,495 - INFO - Processing 303/2283: 600400
2025-09-08 17:10:02,198 - INFO - Processing 304/2283: 600403
2025-09-08 17:10:03,874 - INFO - Processing 305/2283: 600405
2025-09-08 17:10:05,551 - INFO - Processing 306/2283: 600406
2025-09-08 17:10:07,235 - INFO - Processing 307/2283: 600408
2025-09-08 17:10:08,912 - INFO - Processing 308/2283: 600409
2025-09-08 17:10:10,718 - INFO - Processing 309/2283: 600410
2025-09-08 17:10:12,429 - INFO - Processing 310/2283: 600415
2025-09-08 17:10:14,110 - INFO - Processing 311/2283: 600416
2025-09-08 17:10:15,816 - INFO - Processing 312/2283: 600418
2025-09-08 17:10:17,512 - INFO - Processing 313/2283: 600419
2025-09-08 17:10:19,190 - INFO - Processing 314/2283: 600420
2025-09-08 17:10:20,887 - INFO - Processing 315/2283: 600421
2025-09-08 17:10:22,589 - INFO - Processing 316/2283: 600422
2025-09-08 17:10:24,284 - INFO - Processing 317/2283: 600423
2025-09-08 17:10:25,986 - INFO - Processing 318/2283: 600425
2025-09-08 17:10:27,694 - INFO - Processing 319/2283: 600426
2025-09-08 17:10:29,379 - INFO - Processing 320/2283: 600428
2025-09-08 17:10:31,090 - INFO - Processing 321/2283: 600429
2025-09-08 17:10:32,795 - INFO - Processing 322/2283: 600433
2025-09-08 17:10:34,488 - INFO - Processing 323/2283: 600435
2025-09-08 17:10:36,185 - INFO - Processing 324/2283: 600436
2025-09-08 17:10:37,878 - INFO - Processing 325/2283: 600438
2025-09-08 17:10:39,570 - INFO - Processing 326/2283: 600439
2025-09-08 17:10:41,268 - INFO - Processing 327/2283: 600444
2025-09-08 17:10:42,954 - INFO - Processing 328/2283: 600446
2025-09-08 17:10:44,633 - INFO - Processing 329/2283: 600448
2025-09-08 17:10:46,358 - INFO - Processing 330/2283: 600449
2025-09-08 17:10:48,059 - INFO - Processing 331/2283: 600452
2025-09-08 17:10:49,746 - INFO - Processing 332/2283: 600455
2025-09-08 17:10:51,453 - INFO - Processing 333/2283: 600456
2025-09-08 17:10:53,145 - INFO - Processing 334/2283: 600458
2025-09-08 17:10:54,817 - INFO - Processing 335/2283: 600459
2025-09-08 17:10:56,494 - INFO - Processing 336/2283: 600460
2025-09-08 17:10:58,198 - INFO - Processing 337/2283: 600461
2025-09-08 17:10:59,894 - INFO - Processing 338/2283: 600463
2025-09-08 17:11:01,596 - INFO - Processing 339/2283: 600467
2025-09-08 17:11:03,297 - INFO - Processing 340/2283: 600468
2025-09-08 17:11:04,988 - INFO - Processing 341/2283: 600469
2025-09-08 17:11:06,679 - INFO - Processing 342/2283: 600470
2025-09-08 17:11:08,375 - INFO - Processing 343/2283: 600475
2025-09-08 17:11:10,075 - INFO - Processing 344/2283: 600476
2025-09-08 17:11:11,786 - INFO - Processing 345/2283: 600477
2025-09-08 17:11:13,486 - INFO - Processing 346/2283: 600478
2025-09-08 17:11:15,184 - INFO - Processing 347/2283: 600479
2025-09-08 17:11:16,886 - INFO - Processing 348/2283: 600480
2025-09-08 17:11:18,585 - INFO - Processing 349/2283: 600481
2025-09-08 17:11:20,291 - INFO - Processing 350/2283: 600482
2025-09-08 17:11:21,981 - INFO - Progress: 350/2283 - Success: 350, Failed: 0
2025-09-08 17:11:21,981 - INFO - Processing 351/2283: 600483
2025-09-08 17:11:23,677 - INFO - Processing 352/2283: 600486
2025-09-08 17:11:25,365 - INFO - Processing 353/2283: 600487
2025-09-08 17:11:27,047 - INFO - Processing 354/2283: 600488
2025-09-08 17:11:28,746 - INFO - Processing 355/2283: 600489
2025-09-08 17:11:30,433 - INFO - Processing 356/2283: 600490
2025-09-08 17:11:32,113 - INFO - Processing 357/2283: 600491
2025-09-08 17:11:33,785 - INFO - Processing 358/2283: 600493
2025-09-08 17:11:35,481 - INFO - Processing 359/2283: 600495
2025-09-08 17:11:37,163 - INFO - Processing 360/2283: 600496
2025-09-08 17:11:38,877 - INFO - Processing 361/2283: 600497
2025-09-08 17:11:40,564 - INFO - Processing 362/2283: 600498
2025-09-08 17:11:42,251 - INFO - Processing 363/2283: 600499
2025-09-08 17:11:43,929 - INFO - Processing 364/2283: 600500
2025-09-08 17:11:45,614 - INFO - Processing 365/2283: 600501
2025-09-08 17:11:47,302 - INFO - Processing 366/2283: 600502
2025-09-08 17:11:49,004 - INFO - Processing 367/2283: 600503
2025-09-08 17:11:50,715 - INFO - Processing 368/2283: 600505
2025-09-08 17:11:52,433 - INFO - Processing 369/2283: 600506
2025-09-08 17:11:54,141 - INFO - Processing 370/2283: 600507
2025-09-08 17:11:55,824 - INFO - Processing 371/2283: 600508
2025-09-08 17:11:57,506 - INFO - Processing 372/2283: 600509
2025-09-08 17:11:59,192 - INFO - Processing 373/2283: 600510
2025-09-08 17:12:00,890 - INFO - Processing 374/2283: 600511
2025-09-08 17:12:02,588 - INFO - Processing 375/2283: 600512
2025-09-08 17:12:04,282 - INFO - Processing 376/2283: 600513
2025-09-08 17:12:05,980 - INFO - Processing 377/2283: 600515
2025-09-08 17:12:07,687 - INFO - Processing 378/2283: 600516
2025-09-08 17:12:09,387 - INFO - Processing 379/2283: 600517
2025-09-08 17:12:11,088 - INFO - Processing 380/2283: 600518
2025-09-08 17:12:12,774 - INFO - Processing 381/2283: 600519
2025-09-08 17:12:14,486 - INFO - Processing 382/2283: 600520
2025-09-08 17:12:16,181 - INFO - Processing 383/2283: 600521
2025-09-08 17:12:17,875 - INFO - Processing 384/2283: 600522
2025-09-08 17:12:19,567 - INFO - Processing 385/2283: 600523
2025-09-08 17:12:21,275 - INFO - Processing 386/2283: 600525
2025-09-08 17:12:22,975 - INFO - Processing 387/2283: 600526
2025-09-08 17:12:24,691 - INFO - Processing 388/2283: 600527
2025-09-08 17:12:26,373 - INFO - Processing 389/2283: 600528
2025-09-08 17:12:28,082 - INFO - Processing 390/2283: 600529
2025-09-08 17:12:29,781 - INFO - Processing 391/2283: 600530
2025-09-08 17:12:31,479 - INFO - Processing 392/2283: 600531
2025-09-08 17:12:33,181 - INFO - Processing 393/2283: 600533
2025-09-08 17:12:34,895 - INFO - Processing 394/2283: 600535
2025-09-08 17:12:36,595 - INFO - Processing 395/2283: 600536
2025-09-08 17:12:38,295 - INFO - Processing 396/2283: 600537
2025-09-08 17:12:39,992 - INFO - Processing 397/2283: 600538
2025-09-08 17:12:41,692 - INFO - Processing 398/2283: 600539
2025-09-08 17:12:43,432 - INFO - Processing 399/2283: 600540
2025-09-08 17:12:45,135 - INFO - Processing 400/2283: 600543
2025-09-08 17:12:46,833 - INFO - Progress: 400/2283 - Success: 400, Failed: 0
2025-09-08 17:12:46,833 - INFO - Processing 401/2283: 600545
2025-09-08 17:12:48,522 - INFO - Processing 402/2283: 600546
2025-09-08 17:12:50,309 - INFO - Processing 403/2283: 600547
2025-09-08 17:12:51,999 - INFO - Processing 404/2283: 600548
2025-09-08 17:12:53,698 - INFO - Processing 405/2283: 600549
2025-09-08 17:12:55,403 - INFO - Processing 406/2283: 600550
2025-09-08 17:12:57,092 - INFO - Processing 407/2283: 600551
2025-09-08 17:12:58,778 - INFO - Processing 408/2283: 600552
2025-09-08 17:13:00,492 - INFO - Processing 409/2283: 600556
2025-09-08 17:13:02,152 - INFO - Processing 410/2283: 600557
2025-09-08 17:13:03,855 - INFO - Processing 411/2283: 600558
2025-09-08 17:13:05,549 - INFO - Processing 412/2283: 600559
2025-09-08 17:13:07,258 - INFO - Processing 413/2283: 600560
2025-09-08 17:13:08,961 - INFO - Processing 414/2283: 600561
2025-09-08 17:13:10,660 - INFO - Processing 415/2283: 600562
2025-09-08 17:13:12,356 - INFO - Processing 416/2283: 600563
2025-09-08 17:13:14,104 - INFO - Processing 417/2283: 600566
2025-09-08 17:13:15,801 - INFO - Processing 418/2283: 600567
2025-09-08 17:13:17,498 - INFO - Processing 419/2283: 600568
2025-09-08 17:13:19,187 - INFO - Processing 420/2283: 600569
2025-09-08 17:13:20,889 - INFO - Processing 421/2283: 600570
2025-09-08 17:13:22,583 - INFO - Processing 422/2283: 600571
2025-09-08 17:13:24,285 - INFO - Processing 423/2283: 600572
2025-09-08 17:13:25,987 - INFO - Processing 424/2283: 600573
2025-09-08 17:13:27,665 - INFO - Processing 425/2283: 600575
2025-09-08 17:13:29,350 - INFO - Processing 426/2283: 600576
2025-09-08 17:13:31,051 - INFO - Processing 427/2283: 600577
2025-09-08 17:13:32,751 - INFO - Processing 428/2283: 600578
2025-09-08 17:13:34,453 - INFO - Processing 429/2283: 600579
2025-09-08 17:13:36,149 - INFO - Processing 430/2283: 600580
2025-09-08 17:13:37,857 - INFO - Processing 431/2283: 600581
2025-09-08 17:13:39,562 - INFO - Processing 432/2283: 600582
2025-09-08 17:13:41,251 - INFO - Processing 433/2283: 600583
2025-09-08 17:13:42,937 - INFO - Processing 434/2283: 600584
2025-09-08 17:13:44,641 - INFO - Processing 435/2283: 600585
2025-09-08 17:13:46,338 - INFO - Processing 436/2283: 600586
2025-09-08 17:13:48,031 - INFO - Processing 437/2283: 600587
2025-09-08 17:13:49,734 - INFO - Processing 438/2283: 600588
2025-09-08 17:13:51,442 - INFO - Processing 439/2283: 600589
2025-09-08 17:13:53,137 - INFO - Processing 440/2283: 600590
2025-09-08 17:13:54,827 - INFO - Processing 441/2283: 600592
2025-09-08 17:13:56,518 - INFO - Processing 442/2283: 600593
2025-09-08 17:13:58,217 - INFO - Processing 443/2283: 600594
2025-09-08 17:13:59,908 - INFO - Processing 444/2283: 600595
2025-09-08 17:14:01,583 - INFO - Processing 445/2283: 600596
2025-09-08 17:14:03,280 - INFO - Processing 446/2283: 600597
2025-09-08 17:14:04,978 - INFO - Processing 447/2283: 600598
2025-09-08 17:14:06,686 - INFO - Processing 448/2283: 600599
2025-09-08 17:14:08,394 - INFO - Processing 449/2283: 600600
2025-09-08 17:14:10,086 - INFO - Processing 450/2283: 600601
2025-09-08 17:14:11,784 - INFO - Progress: 450/2283 - Success: 450, Failed: 0
2025-09-08 17:14:11,784 - INFO - Processing 451/2283: 600602
2025-09-08 17:14:13,477 - INFO - Processing 452/2283: 600603
2025-09-08 17:14:15,181 - INFO - Processing 453/2283: 600604
2025-09-08 17:14:16,859 - INFO - Processing 454/2283: 600605
2025-09-08 17:14:18,558 - INFO - Processing 455/2283: 600606
2025-09-08 17:14:20,252 - INFO - Processing 456/2283: 600608
2025-09-08 17:14:21,958 - INFO - Processing 457/2283: 600609
2025-09-08 17:14:23,658 - INFO - Processing 458/2283: 600610
2025-09-08 17:14:25,367 - INFO - Processing 459/2283: 600611
2025-09-08 17:14:27,031 - INFO - Processing 460/2283: 600612
2025-09-08 17:14:28,720 - INFO - Processing 461/2283: 600613
2025-09-08 17:14:30,413 - INFO - Processing 462/2283: 600615
2025-09-08 17:14:32,087 - INFO - Processing 463/2283: 600616
2025-09-08 17:14:33,801 - INFO - Processing 464/2283: 600617
2025-09-08 17:14:35,498 - INFO - Processing 465/2283: 600618
2025-09-08 17:14:37,172 - INFO - Processing 466/2283: 600619
2025-09-08 17:14:38,869 - INFO - Processing 467/2283: 600620
2025-09-08 17:14:40,550 - INFO - Processing 468/2283: 600621
2025-09-08 17:14:42,220 - INFO - Processing 469/2283: 600622
2025-09-08 17:14:43,911 - INFO - Processing 470/2283: 600623
2025-09-08 17:14:45,598 - INFO - Processing 471/2283: 600624
2025-09-08 17:14:47,268 - INFO - Processing 472/2283: 600626
2025-09-08 17:14:48,964 - INFO - Processing 473/2283: 600628
2025-09-08 17:14:50,667 - INFO - Processing 474/2283: 600629
2025-09-08 17:14:52,338 - INFO - Processing 475/2283: 600630
2025-09-08 17:14:54,041 - INFO - Processing 476/2283: 600633
2025-09-08 17:14:55,731 - INFO - Processing 477/2283: 600635
2025-09-08 17:14:57,398 - INFO - Processing 478/2283: 600636
2025-09-08 17:14:59,108 - INFO - Processing 479/2283: 600637
2025-09-08 17:15:00,791 - INFO - Processing 480/2283: 600638
2025-09-08 17:15:02,468 - INFO - Processing 481/2283: 600639
2025-09-08 17:15:04,179 - INFO - Processing 482/2283: 600640
2025-09-08 17:15:05,863 - INFO - Processing 483/2283: 600641
2025-09-08 17:15:07,541 - INFO - Processing 484/2283: 600642
2025-09-08 17:15:09,228 - INFO - Processing 485/2283: 600643
2025-09-08 17:15:10,930 - INFO - Processing 486/2283: 600644
2025-09-08 17:15:12,615 - INFO - Processing 487/2283: 600645
2025-09-08 17:15:14,294 - INFO - Processing 488/2283: 600648
2025-09-08 17:15:15,982 - INFO - Processing 489/2283: 600649
2025-09-08 17:15:17,657 - INFO - Processing 490/2283: 600650
2025-09-08 17:15:19,331 - INFO - Processing 491/2283: 600651
2025-09-08 17:15:21,020 - INFO - Processing 492/2283: 600653
2025-09-08 17:15:22,692 - INFO - Processing 493/2283: 600654
2025-09-08 17:15:24,404 - INFO - Processing 494/2283: 600655
2025-09-08 17:15:26,105 - INFO - Processing 495/2283: 600657
2025-09-08 17:15:27,784 - INFO - Processing 496/2283: 600658
2025-09-08 17:15:29,476 - INFO - Processing 497/2283: 600660
2025-09-08 17:15:31,182 - INFO - Processing 498/2283: 600661
2025-09-08 17:15:32,842 - INFO - Processing 499/2283: 600662
2025-09-08 17:15:34,524 - INFO - Processing 500/2283: 600663
2025-09-08 17:15:36,217 - INFO - Progress: 500/2283 - Success: 500, Failed: 0
2025-09-08 17:15:36,217 - INFO - Processing 501/2283: 600664
2025-09-08 17:15:37,892 - INFO - Processing 502/2283: 600665
2025-09-08 17:15:39,595 - INFO - Processing 503/2283: 600666
2025-09-08 17:15:41,289 - INFO - Processing 504/2283: 600667
2025-09-08 17:15:42,975 - INFO - Processing 505/2283: 600668
2025-09-08 17:15:44,674 - INFO - Processing 506/2283: 600671
2025-09-08 17:15:46,380 - INFO - Processing 507/2283: 600673
2025-09-08 17:15:48,061 - INFO - Processing 508/2283: 600674
2025-09-08 17:15:49,761 - INFO - Processing 509/2283: 600675
2025-09-08 17:15:51,467 - INFO - Processing 510/2283: 600676
2025-09-08 17:15:53,162 - INFO - Processing 511/2283: 600678
2025-09-08 17:15:54,873 - INFO - Processing 512/2283: 600679
2025-09-08 17:15:56,573 - INFO - Processing 513/2283: 600681
2025-09-08 17:15:58,263 - INFO - Processing 514/2283: 600682
2025-09-08 17:15:59,963 - INFO - Processing 515/2283: 600683
2025-09-08 17:16:01,664 - INFO - Processing 516/2283: 600684
2025-09-08 17:16:03,360 - INFO - Processing 517/2283: 600685
2025-09-08 17:16:05,201 - INFO - Processing 518/2283: 600686
2025-09-08 17:16:06,905 - INFO - Processing 519/2283: 600688
2025-09-08 17:16:08,615 - INFO - Processing 520/2283: 600689
2025-09-08 17:16:10,323 - INFO - Processing 521/2283: 600690
2025-09-08 17:16:12,024 - INFO - Processing 522/2283: 600691
2025-09-08 17:16:13,723 - INFO - Processing 523/2283: 600692
2025-09-08 17:16:15,401 - INFO - Processing 524/2283: 600693
2025-09-08 17:16:17,104 - INFO - Processing 525/2283: 600694
2025-09-08 17:16:18,790 - INFO - Processing 526/2283: 600696
2025-09-08 17:16:20,497 - INFO - Processing 527/2283: 600697
2025-09-08 17:16:22,259 - INFO - Processing 528/2283: 600698
2025-09-08 17:16:23,962 - INFO - Processing 529/2283: 600699
2025-09-08 17:16:25,650 - INFO - Processing 530/2283: 600702
2025-09-08 17:16:27,322 - INFO - Processing 531/2283: 600703
2025-09-08 17:16:29,013 - INFO - Processing 532/2283: 600704
2025-09-08 17:16:30,706 - INFO - Processing 533/2283: 600706
2025-09-08 17:16:32,426 - INFO - Processing 534/2283: 600707
2025-09-08 17:16:34,117 - INFO - Processing 535/2283: 600708
2025-09-08 17:16:35,805 - INFO - Processing 536/2283: 600710
2025-09-08 17:16:37,503 - INFO - Processing 537/2283: 600711
2025-09-08 17:16:39,205 - INFO - Processing 538/2283: 600712
2025-09-08 17:16:40,911 - INFO - Processing 539/2283: 600713
2025-09-08 17:16:42,613 - INFO - Processing 540/2283: 600714
2025-09-08 17:16:44,298 - INFO - Processing 541/2283: 600715
2025-09-08 17:16:46,003 - INFO - Processing 542/2283: 600716
2025-09-08 17:16:47,708 - INFO - Processing 543/2283: 600717
2025-09-08 17:16:49,413 - INFO - Processing 544/2283: 600718
2025-09-08 17:16:51,116 - INFO - Processing 545/2283: 600719
2025-09-08 17:16:52,819 - INFO - Processing 546/2283: 600720
2025-09-08 17:16:54,519 - INFO - Processing 547/2283: 600721
2025-09-08 17:16:56,213 - INFO - Processing 548/2283: 600722
2025-09-08 17:16:57,908 - INFO - Processing 549/2283: 600724
2025-09-08 17:16:59,605 - INFO - Processing 550/2283: 600725
2025-09-08 17:17:01,304 - INFO - Progress: 550/2283 - Success: 550, Failed: 0
2025-09-08 17:17:01,304 - INFO - Processing 551/2283: 600726
2025-09-08 17:17:02,999 - INFO - Processing 552/2283: 600727
2025-09-08 17:17:04,696 - INFO - Processing 553/2283: 600728
2025-09-08 17:17:06,407 - INFO - Processing 554/2283: 600729
2025-09-08 17:17:08,109 - INFO - Processing 555/2283: 600730
2025-09-08 17:17:09,813 - INFO - Processing 556/2283: 600731
2025-09-08 17:17:11,511 - INFO - Processing 557/2283: 600732
2025-09-08 17:17:13,216 - INFO - Processing 558/2283: 600733
2025-09-08 17:17:14,912 - INFO - Processing 559/2283: 600734
2025-09-08 17:17:16,599 - INFO - Processing 560/2283: 600735
2025-09-08 17:17:18,314 - INFO - Processing 561/2283: 600736
2025-09-08 17:17:20,005 - INFO - Processing 562/2283: 600737
2025-09-08 17:17:21,703 - INFO - Processing 563/2283: 600738
2025-09-08 17:17:23,397 - INFO - Processing 564/2283: 600739
2025-09-08 17:17:25,094 - INFO - Processing 565/2283: 600740
2025-09-08 17:17:26,796 - INFO - Processing 566/2283: 600741
2025-09-08 17:17:28,491 - INFO - Processing 567/2283: 600742
2025-09-08 17:17:30,183 - INFO - Processing 568/2283: 600743
2025-09-08 17:17:31,900 - INFO - Processing 569/2283: 600744
2025-09-08 17:17:33,591 - INFO - Processing 570/2283: 600745
2025-09-08 17:17:35,295 - INFO - Processing 571/2283: 600746
2025-09-08 17:17:36,989 - INFO - Processing 572/2283: 600748
2025-09-08 17:17:38,698 - INFO - Processing 573/2283: 600749
2025-09-08 17:17:40,410 - INFO - Processing 574/2283: 600750
2025-09-08 17:17:42,107 - INFO - Processing 575/2283: 600751
2025-09-08 17:17:43,801 - INFO - Processing 576/2283: 600753
2025-09-08 17:17:45,500 - INFO - Processing 577/2283: 600754
2025-09-08 17:17:47,208 - INFO - Processing 578/2283: 600755
2025-09-08 17:17:48,899 - INFO - Processing 579/2283: 600756
2025-09-08 17:17:50,593 - INFO - Processing 580/2283: 600757
2025-09-08 17:17:52,288 - INFO - Processing 581/2283: 600758
2025-09-08 17:17:53,975 - INFO - Processing 582/2283: 600759
2025-09-08 17:17:55,675 - INFO - Processing 583/2283: 600760
2025-09-08 17:17:57,349 - INFO - Processing 584/2283: 600761
2025-09-08 17:17:59,051 - INFO - Processing 585/2283: 600763
2025-09-08 17:18:00,763 - INFO - Processing 586/2283: 600764
2025-09-08 17:18:02,457 - INFO - Processing 587/2283: 600765
2025-09-08 17:18:04,144 - INFO - Processing 588/2283: 600768
2025-09-08 17:18:05,839 - INFO - Processing 589/2283: 600769
2025-09-08 17:18:07,549 - INFO - Processing 590/2283: 600770
2025-09-08 17:18:09,270 - INFO - Processing 591/2283: 600771
2025-09-08 17:18:10,976 - INFO - Processing 592/2283: 600773
2025-09-08 17:18:12,673 - INFO - Processing 593/2283: 600774
2025-09-08 17:18:14,368 - INFO - Processing 594/2283: 600775
2025-09-08 17:18:16,062 - INFO - Processing 595/2283: 600776
2025-09-08 17:18:17,764 - INFO - Processing 596/2283: 600777
2025-09-08 17:18:19,489 - INFO - Processing 597/2283: 600778
2025-09-08 17:18:21,185 - INFO - Processing 598/2283: 600779
2025-09-08 17:18:22,886 - INFO - Processing 599/2283: 600780
2025-09-08 17:18:24,577 - INFO - Processing 600/2283: 600782
2025-09-08 17:18:26,290 - INFO - Progress: 600/2283 - Success: 600, Failed: 0
2025-09-08 17:18:26,290 - INFO - Processing 601/2283: 600783
2025-09-08 17:18:28,000 - INFO - Processing 602/2283: 600784
2025-09-08 17:18:29,701 - INFO - Processing 603/2283: 600785
2025-09-08 17:18:31,398 - INFO - Processing 604/2283: 600787
2025-09-08 17:18:33,100 - INFO - Processing 605/2283: 600789
2025-09-08 17:18:34,791 - INFO - Processing 606/2283: 600790
2025-09-08 17:18:36,488 - INFO - Processing 607/2283: 600791
2025-09-08 17:18:38,178 - INFO - Processing 608/2283: 600792
2025-09-08 17:18:39,873 - INFO - Processing 609/2283: 600793
2025-09-08 17:18:41,569 - INFO - Processing 610/2283: 600794
2025-09-08 17:18:43,268 - INFO - Processing 611/2283: 600795
2025-09-08 17:18:44,957 - INFO - Processing 612/2283: 600796
2025-09-08 17:18:46,670 - INFO - Processing 613/2283: 600797
2025-09-08 17:18:48,359 - INFO - Processing 614/2283: 600798
2025-09-08 17:18:50,052 - INFO - Processing 615/2283: 600800
2025-09-08 17:18:51,757 - INFO - Processing 616/2283: 600801
2025-09-08 17:18:53,446 - INFO - Processing 617/2283: 600802
2025-09-08 17:18:55,127 - INFO - Processing 618/2283: 600803
2025-09-08 17:18:56,832 - INFO - Processing 619/2283: 600805
2025-09-08 17:18:58,530 - INFO - Processing 620/2283: 600807
2025-09-08 17:19:00,191 - INFO - Processing 621/2283: 600808
2025-09-08 17:19:01,889 - INFO - Processing 622/2283: 600809
2025-09-08 17:19:03,584 - INFO - Processing 623/2283: 600810
2025-09-08 17:19:05,249 - INFO - Processing 624/2283: 600812
2025-09-08 17:19:06,969 - INFO - Processing 625/2283: 600814
2025-09-08 17:19:08,675 - INFO - Processing 626/2283: 600815
2025-09-08 17:19:10,370 - INFO - Processing 627/2283: 600816
2025-09-08 17:19:12,068 - INFO - Processing 628/2283: 600817
2025-09-08 17:19:13,774 - INFO - Processing 629/2283: 600818
2025-09-08 17:19:15,461 - INFO - Processing 630/2283: 600819
2025-09-08 17:19:17,148 - INFO - Processing 631/2283: 600820
2025-09-08 17:19:18,835 - INFO - Processing 632/2283: 600821
2025-09-08 17:19:20,522 - INFO - Processing 633/2283: 600822
2025-09-08 17:19:22,235 - INFO - Processing 634/2283: 600824
2025-09-08 17:19:23,931 - INFO - Processing 635/2283: 600825
2025-09-08 17:19:25,619 - INFO - Processing 636/2283: 600826
2025-09-08 17:19:27,320 - INFO - Processing 637/2283: 600827
2025-09-08 17:19:29,019 - INFO - Processing 638/2283: 600828
2025-09-08 17:19:30,797 - INFO - Processing 639/2283: 600829
2025-09-08 17:19:32,475 - INFO - Processing 640/2283: 600830
2025-09-08 17:19:34,161 - INFO - Processing 641/2283: 600831
2025-09-08 17:19:35,853 - INFO - Processing 642/2283: 600833
2025-09-08 17:19:37,550 - INFO - Processing 643/2283: 600834
2025-09-08 17:19:39,250 - INFO - Processing 644/2283: 600835
2025-09-08 17:19:40,941 - INFO - Processing 645/2283: 600838
2025-09-08 17:19:42,643 - INFO - Processing 646/2283: 600839
2025-09-08 17:19:44,352 - INFO - Processing 647/2283: 600841
2025-09-08 17:19:46,047 - INFO - Processing 648/2283: 600843
2025-09-08 17:19:47,742 - INFO - Processing 649/2283: 600844
2025-09-08 17:19:49,425 - INFO - Processing 650/2283: 600845
2025-09-08 17:19:51,131 - INFO - Progress: 650/2283 - Success: 650, Failed: 0
2025-09-08 17:19:51,131 - INFO - Processing 651/2283: 600846
2025-09-08 17:19:52,836 - INFO - Processing 652/2283: 600847
2025-09-08 17:19:54,533 - INFO - Processing 653/2283: 600848
2025-09-08 17:19:56,241 - INFO - Processing 654/2283: 600850
2025-09-08 17:19:57,938 - INFO - Processing 655/2283: 600851
2025-09-08 17:19:59,635 - INFO - Processing 656/2283: 600853
2025-09-08 17:20:01,317 - INFO - Processing 657/2283: 600854
2025-09-08 17:20:03,020 - INFO - Processing 658/2283: 600855
2025-09-08 17:20:04,711 - INFO - Processing 659/2283: 600857
2025-09-08 17:20:06,408 - INFO - Processing 660/2283: 600858
2025-09-08 17:20:08,107 - INFO - Processing 661/2283: 600859
2025-09-08 17:20:09,813 - INFO - Processing 662/2283: 600860
2025-09-08 17:20:11,518 - INFO - Processing 663/2283: 600861
2025-09-08 17:20:13,199 - INFO - Processing 664/2283: 600862
2025-09-08 17:20:14,901 - INFO - Processing 665/2283: 600863
2025-09-08 17:20:16,598 - INFO - Processing 666/2283: 600864
2025-09-08 17:20:18,302 - INFO - Processing 667/2283: 600865
2025-09-08 17:20:19,993 - INFO - Processing 668/2283: 600866
2025-09-08 17:20:21,681 - INFO - Processing 669/2283: 600867
2025-09-08 17:20:23,374 - INFO - Processing 670/2283: 600868
2025-09-08 17:20:25,066 - INFO - Processing 671/2283: 600869
2025-09-08 17:20:26,769 - INFO - Processing 672/2283: 600871
2025-09-08 17:20:28,455 - INFO - Processing 673/2283: 600872
2025-09-08 17:20:30,156 - INFO - Processing 674/2283: 600873
2025-09-08 17:20:31,862 - INFO - Processing 675/2283: 600874
2025-09-08 17:20:33,565 - INFO - Processing 676/2283: 600875
2025-09-08 17:20:35,266 - INFO - Processing 677/2283: 600876
2025-09-08 17:20:36,969 - INFO - Processing 678/2283: 600877
2025-09-08 17:20:38,682 - INFO - Processing 679/2283: 600879
2025-09-08 17:20:40,392 - INFO - Processing 680/2283: 600880
2025-09-08 17:20:42,095 - INFO - Processing 681/2283: 600881
2025-09-08 17:20:43,786 - INFO - Processing 682/2283: 600882
2025-09-08 17:20:45,487 - INFO - Processing 683/2283: 600883
2025-09-08 17:20:47,180 - INFO - Processing 684/2283: 600884
2025-09-08 17:20:48,890 - INFO - Processing 685/2283: 600885
2025-09-08 17:20:50,591 - INFO - Processing 686/2283: 600886
2025-09-08 17:20:52,305 - INFO - Processing 687/2283: 600887
2025-09-08 17:20:54,003 - INFO - Processing 688/2283: 600888
2025-09-08 17:20:55,702 - INFO - Processing 689/2283: 600889
2025-09-08 17:20:57,399 - INFO - Processing 690/2283: 600892
2025-09-08 17:20:59,090 - INFO - Processing 691/2283: 600893
2025-09-08 17:21:00,783 - INFO - Processing 692/2283: 600894
2025-09-08 17:21:02,467 - INFO - Processing 693/2283: 600895
2025-09-08 17:21:04,178 - INFO - Processing 694/2283: 600897
2025-09-08 17:21:05,865 - INFO - Processing 695/2283: 600900
2025-09-08 17:21:07,547 - INFO - Processing 696/2283: 600901
2025-09-08 17:21:09,243 - INFO - Processing 697/2283: 600903
2025-09-08 17:21:10,954 - INFO - Processing 698/2283: 600905
2025-09-08 17:21:12,645 - INFO - Processing 699/2283: 600906
2025-09-08 17:21:14,358 - INFO - Processing 700/2283: 600908
2025-09-08 17:21:16,042 - INFO - Progress: 700/2283 - Success: 700, Failed: 0
2025-09-08 17:21:16,042 - INFO - Processing 701/2283: 600909
2025-09-08 17:21:17,742 - INFO - Processing 702/2283: 600916
2025-09-08 17:21:19,433 - INFO - Processing 703/2283: 600917
2025-09-08 17:21:21,130 - INFO - Processing 704/2283: 600918
2025-09-08 17:21:22,825 - INFO - Processing 705/2283: 600919
2025-09-08 17:21:24,532 - INFO - Processing 706/2283: 600925
2025-09-08 17:21:26,221 - INFO - Processing 707/2283: 600926
2025-09-08 17:21:27,915 - INFO - Processing 708/2283: 600927
2025-09-08 17:21:29,615 - INFO - Processing 709/2283: 600928
2025-09-08 17:21:31,320 - INFO - Processing 710/2283: 600929
2025-09-08 17:21:33,025 - INFO - Processing 711/2283: 600930
2025-09-08 17:21:34,672 - WARNING - No data for 600930
2025-09-08 17:21:34,673 - INFO - Processing 712/2283: 600933
2025-09-08 17:21:36,365 - INFO - Processing 713/2283: 600935
2025-09-08 17:21:38,063 - INFO - Processing 714/2283: 600936
2025-09-08 17:21:39,761 - INFO - Processing 715/2283: 600938
2025-09-08 17:21:41,460 - INFO - Processing 716/2283: 600939
2025-09-08 17:21:43,166 - INFO - Processing 717/2283: 600941
2025-09-08 17:21:44,801 - ERROR - Error collecting 600941: ('Connection aborted.', RemoteDisconnected('Remote end closed connection without response'))
2025-09-08 17:21:44,801 - INFO - Processing 718/2283: 600955
2025-09-08 17:21:46,445 - ERROR - Error collecting 600955: ('Connection aborted.', RemoteDisconnected('Remote end closed connection without response'))
2025-09-08 17:21:46,445 - INFO - Processing 719/2283: 600956
2025-09-08 17:21:48,077 - ERROR - Error collecting 600956: ('Connection aborted.', RemoteDisconnected('Remote end closed connection without response'))
2025-09-08 17:21:48,078 - INFO - Processing 720/2283: 600958
2025-09-08 17:21:49,707 - ERROR - Error collecting 600958: ('Connection aborted.', RemoteDisconnected('Remote end closed connection without response'))
2025-09-08 17:21:49,707 - INFO - Processing 721/2283: 600959
2025-09-08 17:21:51,351 - ERROR - Error collecting 600959: ('Connection aborted.', RemoteDisconnected('Remote end closed connection without response'))
2025-09-08 17:21:51,352 - INFO - Processing 722/2283: 600960
2025-09-08 17:21:52,991 - ERROR - Error collecting 600960: ('Connection aborted.', RemoteDisconnected('Remote end closed connection without response'))
2025-09-08 17:21:52,992 - INFO - Processing 723/2283: 600961
2025-09-08 17:21:54,643 - ERROR - Error collecting 600961: ('Connection aborted.', RemoteDisconnected('Remote end closed connection without response'))
2025-09-08 17:21:54,643 - INFO - Processing 724/2283: 600962
2025-09-08 17:21:56,271 - ERROR - Error collecting 600962: ('Connection aborted.', RemoteDisconnected('Remote end closed connection without response'))
2025-09-08 17:21:56,272 - INFO - Processing 725/2283: 600963
2025-09-08 17:21:57,911 - ERROR - Error collecting 600963: ('Connection aborted.', RemoteDisconnected('Remote end closed connection without response'))
2025-09-08 17:21:57,912 - INFO - Processing 726/2283: 600965
2025-09-08 17:21:59,567 - ERROR - Error collecting 600965: ('Connection aborted.', RemoteDisconnected('Remote end closed connection without response'))
2025-09-08 17:21:59,568 - INFO - Processing 727/2283: 600966
2025-09-08 17:22:01,212 - ERROR - Error collecting 600966: ('Connection aborted.', RemoteDisconnected('Remote end closed connection without response'))
2025-09-08 17:22:01,212 - INFO - Processing 728/2283: 600967
2025-09-08 17:22:02,856 - ERROR - Error collecting 600967: ('Connection aborted.', RemoteDisconnected('Remote end closed connection without response'))
2025-09-08 17:22:02,856 - INFO - Processing 729/2283: 600968
2025-09-08 17:22:04,494 - ERROR - Error collecting 600968: ('Connection aborted.', RemoteDisconnected('Remote end closed connection without response'))
2025-09-08 17:22:04,494 - INFO - Processing 730/2283: 600969
2025-09-08 17:22:06,121 - ERROR - Error collecting 600969: ('Connection aborted.', RemoteDisconnected('Remote end closed connection without response'))
2025-09-08 17:22:06,122 - INFO - Processing 731/2283: 600970
2025-09-08 17:22:07,757 - ERROR - Error collecting 600970: ('Connection aborted.', RemoteDisconnected('Remote end closed connection without response'))
2025-09-08 17:22:07,757 - INFO - Processing 732/2283: 600971
2025-09-08 17:22:09,405 - ERROR - Error collecting 600971: ('Connection aborted.', RemoteDisconnected('Remote end closed connection without response'))
2025-09-08 17:22:09,406 - INFO - Processing 733/2283: 600973
2025-09-08 17:22:11,032 - ERROR - Error collecting 600973: ('Connection aborted.', RemoteDisconnected('Remote end closed connection without response'))
2025-09-08 17:22:11,033 - INFO - Processing 734/2283: 600975
2025-09-08 17:22:12,676 - ERROR - Error collecting 600975: ('Connection aborted.', RemoteDisconnected('Remote end closed connection without response'))
2025-09-08 17:22:12,676 - INFO - Processing 735/2283: 600976
2025-09-08 17:22:14,312 - ERROR - Error collecting 600976: ('Connection aborted.', RemoteDisconnected('Remote end closed connection without response'))
2025-09-08 17:22:14,312 - INFO - Processing 736/2283: 600977
2025-09-08 17:22:15,956 - ERROR - Error collecting 600977: ('Connection aborted.', RemoteDisconnected('Remote end closed connection without response'))
2025-09-08 17:22:15,956 - INFO - Processing 737/2283: 600979
2025-09-08 17:22:17,592 - ERROR - Error collecting 600979: ('Connection aborted.', RemoteDisconnected('Remote end closed connection without response'))
2025-09-08 17:22:17,592 - INFO - Processing 738/2283: 600980
2025-09-08 17:22:19,238 - ERROR - Error collecting 600980: ('Connection aborted.', RemoteDisconnected('Remote end closed connection without response'))
2025-09-08 17:22:19,238 - INFO - Processing 739/2283: 600981
2025-09-08 17:22:20,878 - ERROR - Error collecting 600981: ('Connection aborted.', RemoteDisconnected('Remote end closed connection without response'))
2025-09-08 17:22:20,878 - INFO - Processing 740/2283: 600982
2025-09-08 17:22:22,511 - ERROR - Error collecting 600982: ('Connection aborted.', RemoteDisconnected('Remote end closed connection without response'))
2025-09-08 17:22:22,512 - INFO - Processing 741/2283: 600983
2025-09-08 17:22:24,150 - ERROR - Error collecting 600983: ('Connection aborted.', RemoteDisconnected('Remote end closed connection without response'))
2025-09-08 17:22:24,150 - INFO - Processing 742/2283: 600984
2025-09-08 17:22:25,782 - ERROR - Error collecting 600984: ('Connection aborted.', RemoteDisconnected('Remote end closed connection without response'))
2025-09-08 17:22:25,782 - INFO - Processing 743/2283: 600985
2025-09-08 17:22:27,418 - ERROR - Error collecting 600985: ('Connection aborted.', RemoteDisconnected('Remote end closed connection without response'))
2025-09-08 17:22:27,418 - INFO - Processing 744/2283: 600986
2025-09-08 17:22:29,066 - ERROR - Error collecting 600986: ('Connection aborted.', RemoteDisconnected('Remote end closed connection without response'))
2025-09-08 17:22:29,066 - INFO - Processing 745/2283: 600987
2025-09-08 17:22:30,702 - ERROR - Error collecting 600987: ('Connection aborted.', RemoteDisconnected('Remote end closed connection without response'))
2025-09-08 17:22:30,703 - INFO - Processing 746/2283: 600988
2025-09-08 17:22:32,346 - ERROR - Error collecting 600988: ('Connection aborted.', RemoteDisconnected('Remote end closed connection without response'))
2025-09-08 17:22:32,346 - INFO - Processing 747/2283: 600989
2025-09-08 17:22:33,972 - ERROR - Error collecting 600989: ('Connection aborted.', RemoteDisconnected('Remote end closed connection without response'))
2025-09-08 17:22:33,972 - INFO - Processing 748/2283: 600990
2025-09-08 17:22:35,614 - ERROR - Error collecting 600990: ('Connection aborted.', RemoteDisconnected('Remote end closed connection without response'))
2025-09-08 17:22:35,614 - INFO - Processing 749/2283: 600992
2025-09-08 17:22:37,258 - ERROR - Error collecting 600992: ('Connection aborted.', RemoteDisconnected('Remote end closed connection without response'))
2025-09-08 17:22:37,258 - INFO - Processing 750/2283: 600993
2025-09-08 17:22:38,890 - ERROR - Error collecting 600993: ('Connection aborted.', RemoteDisconnected('Remote end closed connection without response'))
2025-09-08 17:22:38,890 - INFO - Progress: 750/2283 - Success: 715, Failed: 35
2025-09-08 17:22:38,890 - INFO - Processing 751/2283: 600995
2025-09-08 17:22:40,524 - ERROR - Error collecting 600995: ('Connection aborted.', RemoteDisconnected('Remote end closed connection without response'))
2025-09-08 17:22:40,525 - INFO - Processing 752/2283: 600996
2025-09-08 17:22:42,178 - ERROR - Error collecting 600996: ('Connection aborted.', RemoteDisconnected('Remote end closed connection without response'))
2025-09-08 17:22:42,178 - INFO - Processing 753/2283: 600997
2025-09-08 17:22:43,828 - ERROR - Error collecting 600997: ('Connection aborted.', RemoteDisconnected('Remote end closed connection without response'))
2025-09-08 17:22:43,829 - INFO - Processing 754/2283: 600998
2025-09-08 17:22:45,466 - ERROR - Error collecting 600998: ('Connection aborted.', RemoteDisconnected('Remote end closed connection without response'))
2025-09-08 17:22:45,466 - INFO - Processing 755/2283: 600999
2025-09-08 17:22:47,114 - ERROR - Error collecting 600999: ('Connection aborted.', RemoteDisconnected('Remote end closed connection without response'))
2025-09-08 17:22:47,115 - INFO - Processing 756/2283: 601000
2025-09-08 17:22:48,762 - ERROR - Error collecting 601000: ('Connection aborted.', RemoteDisconnected('Remote end closed connection without response'))
2025-09-08 17:22:48,763 - INFO - Processing 757/2283: 601001
2025-09-08 17:22:50,397 - ERROR - Error collecting 601001: ('Connection aborted.', RemoteDisconnected('Remote end closed connection without response'))
2025-09-08 17:22:50,397 - INFO - Processing 758/2283: 601002
2025-09-08 17:22:52,042 - ERROR - Error collecting 601002: ('Connection aborted.', RemoteDisconnected('Remote end closed connection without response'))
2025-09-08 17:22:52,042 - INFO - Processing 759/2283: 601003
2025-09-08 17:22:53,678 - ERROR - Error collecting 601003: ('Connection aborted.', RemoteDisconnected('Remote end closed connection without response'))
2025-09-08 17:22:53,678 - INFO - Processing 760/2283: 601005
2025-09-08 17:22:55,325 - ERROR - Error collecting 601005: ('Connection aborted.', RemoteDisconnected('Remote end closed connection without response'))
2025-09-08 17:22:55,325 - INFO - Processing 761/2283: 601006
2025-09-08 17:22:56,966 - ERROR - Error collecting 601006: ('Connection aborted.', RemoteDisconnected('Remote end closed connection without response'))
2025-09-08 17:22:56,967 - INFO - Processing 762/2283: 601007
2025-09-08 17:22:58,606 - ERROR - Error collecting 601007: ('Connection aborted.', RemoteDisconnected('Remote end closed connection without response'))
2025-09-08 17:22:58,606 - INFO - Processing 763/2283: 601008
2025-09-08 17:23:00,255 - ERROR - Error collecting 601008: ('Connection aborted.', RemoteDisconnected('Remote end closed connection without response'))
2025-09-08 17:23:00,255 - INFO - Processing 764/2283: 601009
2025-09-08 17:23:01,904 - ERROR - Error collecting 601009: ('Connection aborted.', RemoteDisconnected('Remote end closed connection without response'))
2025-09-08 17:23:01,904 - INFO - Processing 765/2283: 601010
2025-09-08 17:23:03,539 - ERROR - Error collecting 601010: ('Connection aborted.', RemoteDisconnected('Remote end closed connection without response'))
2025-09-08 17:23:03,539 - INFO - Processing 766/2283: 601011
2025-09-08 17:23:05,182 - ERROR - Error collecting 601011: ('Connection aborted.', RemoteDisconnected('Remote end closed connection without response'))
2025-09-08 17:23:05,183 - INFO - Processing 767/2283: 601012
2025-09-08 17:23:06,825 - ERROR - Error collecting 601012: ('Connection aborted.', RemoteDisconnected('Remote end closed connection without response'))
2025-09-08 17:23:06,825 - INFO - Processing 768/2283: 601015
2025-09-08 17:23:08,462 - ERROR - Error collecting 601015: ('Connection aborted.', RemoteDisconnected('Remote end closed connection without response'))
2025-09-08 17:23:08,463 - INFO - Processing 769/2283: 601016
2025-09-08 17:23:10,110 - ERROR - Error collecting 601016: ('Connection aborted.', RemoteDisconnected('Remote end closed connection without response'))
2025-09-08 17:23:10,110 - INFO - Processing 770/2283: 601018
2025-09-08 17:23:11,759 - ERROR - Error collecting 601018: ('Connection aborted.', RemoteDisconnected('Remote end closed connection without response'))
2025-09-08 17:23:11,759 - INFO - Processing 771/2283: 601019
2025-09-08 17:23:13,403 - ERROR - Error collecting 601019: ('Connection aborted.', RemoteDisconnected('Remote end closed connection without response'))
2025-09-08 17:23:13,403 - INFO - Processing 772/2283: 601020
2025-09-08 17:23:15,037 - ERROR - Error collecting 601020: ('Connection aborted.', RemoteDisconnected('Remote end closed connection without response'))
2025-09-08 17:23:15,037 - INFO - Processing 773/2283: 601021
2025-09-08 17:23:16,683 - ERROR - Error collecting 601021: ('Connection aborted.', RemoteDisconnected('Remote end closed connection without response'))
2025-09-08 17:23:16,683 - INFO - Processing 774/2283: 601022
2025-09-08 17:23:18,331 - ERROR - Error collecting 601022: ('Connection aborted.', RemoteDisconnected('Remote end closed connection without response'))
2025-09-08 17:23:18,331 - INFO - Processing 775/2283: 601033
2025-09-08 17:23:19,976 - ERROR - Error collecting 601033: ('Connection aborted.', RemoteDisconnected('Remote end closed connection without response'))
2025-09-08 17:23:19,977 - INFO - Processing 776/2283: 601038
2025-09-08 17:23:21,617 - ERROR - Error collecting 601038: ('Connection aborted.', RemoteDisconnected('Remote end closed connection without response'))
2025-09-08 17:23:21,617 - INFO - Processing 777/2283: 601058
2025-09-08 17:23:23,267 - ERROR - Error collecting 601058: ('Connection aborted.', RemoteDisconnected('Remote end closed connection without response'))
2025-09-08 17:23:23,268 - INFO - Processing 778/2283: 601059
2025-09-08 17:23:24,911 - ERROR - Error collecting 601059: ('Connection aborted.', RemoteDisconnected('Remote end closed connection without response'))
2025-09-08 17:23:24,912 - INFO - Processing 779/2283: 601061
2025-09-08 17:23:26,551 - ERROR - Error collecting 601061: ('Connection aborted.', RemoteDisconnected('Remote end closed connection without response'))
2025-09-08 17:23:26,551 - INFO - Processing 780/2283: 601065
2025-09-08 17:23:28,189 - ERROR - Error collecting 601065: ('Connection aborted.', RemoteDisconnected('Remote end closed connection without response'))
2025-09-08 17:23:28,190 - INFO - Processing 781/2283: 601066
2025-09-08 17:23:29,817 - ERROR - Error collecting 601066: ('Connection aborted.', RemoteDisconnected('Remote end closed connection without response'))
2025-09-08 17:23:29,817 - INFO - Processing 782/2283: 601068
2025-09-08 17:23:31,463 - ERROR - Error collecting 601068: ('Connection aborted.', RemoteDisconnected('Remote end closed connection without response'))
2025-09-08 17:23:31,464 - INFO - Processing 783/2283: 601069
2025-09-08 17:23:33,106 - ERROR - Error collecting 601069: ('Connection aborted.', RemoteDisconnected('Remote end closed connection without response'))
2025-09-08 17:23:33,106 - INFO - Processing 784/2283: 601077
2025-09-08 17:23:34,741 - ERROR - Error collecting 601077: ('Connection aborted.', RemoteDisconnected('Remote end closed connection without response'))
2025-09-08 17:23:34,741 - INFO - Processing 785/2283: 601083
2025-09-08 17:23:36,385 - ERROR - Error collecting 601083: ('Connection aborted.', RemoteDisconnected('Remote end closed connection without response'))
2025-09-08 17:23:36,385 - INFO - Processing 786/2283: 601086
2025-09-08 17:23:38,035 - ERROR - Error collecting 601086: ('Connection aborted.', RemoteDisconnected('Remote end closed connection without response'))
2025-09-08 17:23:38,036 - INFO - Processing 787/2283: 601088
2025-09-08 17:23:39,689 - ERROR - Error collecting 601088: ('Connection aborted.', RemoteDisconnected('Remote end closed connection without response'))
2025-09-08 17:23:39,689 - INFO - Processing 788/2283: 601089
2025-09-08 17:23:41,327 - ERROR - Error collecting 601089: ('Connection aborted.', RemoteDisconnected('Remote end closed connection without response'))
2025-09-08 17:23:41,327 - INFO - Processing 789/2283: 601096
2025-09-08 17:23:42,980 - ERROR - Error collecting 601096: ('Connection aborted.', RemoteDisconnected('Remote end closed connection without response'))
2025-09-08 17:23:42,980 - INFO - Processing 790/2283: 601098
2025-09-08 17:23:44,618 - ERROR - Error collecting 601098: ('Connection aborted.', RemoteDisconnected('Remote end closed connection without response'))
2025-09-08 17:23:44,618 - INFO - Processing 791/2283: 601099
2025-09-08 17:23:46,252 - ERROR - Error collecting 601099: ('Connection aborted.', RemoteDisconnected('Remote end closed connection without response'))
2025-09-08 17:23:46,252 - INFO - Processing 792/2283: 601100
2025-09-08 17:23:47,897 - ERROR - Error collecting 601100: ('Connection aborted.', RemoteDisconnected('Remote end closed connection without response'))
2025-09-08 17:23:47,897 - INFO - Processing 793/2283: 601101
2025-09-08 17:23:49,533 - ERROR - Error collecting 601101: ('Connection aborted.', RemoteDisconnected('Remote end closed connection without response'))
2025-09-08 17:23:49,533 - INFO - Processing 794/2283: 601106
2025-09-08 17:23:51,183 - ERROR - Error collecting 601106: ('Connection aborted.', RemoteDisconnected('Remote end closed connection without response'))
2025-09-08 17:23:51,183 - INFO - Processing 795/2283: 601107
2025-09-08 17:23:52,832 - ERROR - Error collecting 601107: ('Connection aborted.', RemoteDisconnected('Remote end closed connection without response'))
2025-09-08 17:23:52,832 - INFO - Processing 796/2283: 601108
2025-09-08 17:23:54,474 - ERROR - Error collecting 601108: ('Connection aborted.', RemoteDisconnected('Remote end closed connection without response'))
2025-09-08 17:23:54,474 - INFO - Processing 797/2283: 601111
2025-09-08 17:23:56,112 - ERROR - Error collecting 601111: ('Connection aborted.', RemoteDisconnected('Remote end closed connection without response'))
2025-09-08 17:23:56,112 - INFO - Processing 798/2283: 601113
2025-09-08 17:23:57,768 - ERROR - Error collecting 601113: ('Connection aborted.', RemoteDisconnected('Remote end closed connection without response'))
2025-09-08 17:23:57,768 - INFO - Processing 799/2283: 601116
2025-09-08 17:23:59,422 - ERROR - Error collecting 601116: ('Connection aborted.', RemoteDisconnected('Remote end closed connection without response'))
2025-09-08 17:23:59,422 - INFO - Processing 800/2283: 601117
2025-09-08 17:24:01,058 - ERROR - Error collecting 601117: ('Connection aborted.', RemoteDisconnected('Remote end closed connection without response'))
2025-09-08 17:24:01,058 - INFO - Progress: 800/2283 - Success: 715, Failed: 85
2025-09-08 17:24:01,058 - INFO - Processing 801/2283: 601118
2025-09-08 17:24:02,698 - ERROR - Error collecting 601118: ('Connection aborted.', RemoteDisconnected('Remote end closed connection without response'))
2025-09-08 17:24:02,698 - INFO - Processing 802/2283: 601121
2025-09-08 17:24:04,340 - ERROR - Error collecting 601121: ('Connection aborted.', RemoteDisconnected('Remote end closed connection without response'))
2025-09-08 17:24:04,340 - INFO - Processing 803/2283: 601126
2025-09-08 17:24:05,978 - ERROR - Error collecting 601126: ('Connection aborted.', RemoteDisconnected('Remote end closed connection without response'))
2025-09-08 17:24:05,978 - INFO - Processing 804/2283: 601127
2025-09-08 17:24:07,602 - ERROR - Error collecting 601127: ('Connection aborted.', RemoteDisconnected('Remote end closed connection without response'))
2025-09-08 17:24:07,602 - INFO - Processing 805/2283: 601128
2025-09-08 17:24:09,256 - ERROR - Error collecting 601128: ('Connection aborted.', RemoteDisconnected('Remote end closed connection without response'))
2025-09-08 17:24:09,256 - INFO - Processing 806/2283: 601133
2025-09-08 17:24:10,902 - ERROR - Error collecting 601133: ('Connection aborted.', RemoteDisconnected('Remote end closed connection without response'))
2025-09-08 17:24:10,902 - INFO - Processing 807/2283: 601136
2025-09-08 17:24:12,546 - ERROR - Error collecting 601136: ('Connection aborted.', RemoteDisconnected('Remote end closed connection without response'))
2025-09-08 17:24:12,546 - INFO - Processing 808/2283: 601137
2025-09-08 17:24:14,180 - ERROR - Error collecting 601137: ('Connection aborted.', RemoteDisconnected('Remote end closed connection without response'))
2025-09-08 17:24:14,180 - INFO - Processing 809/2283: 601138
2025-09-08 17:24:15,826 - ERROR - Error collecting 601138: ('Connection aborted.', RemoteDisconnected('Remote end closed connection without response'))
2025-09-08 17:24:15,826 - INFO - Processing 810/2283: 601139
2025-09-08 17:24:17,472 - ERROR - Error collecting 601139: ('Connection aborted.', RemoteDisconnected('Remote end closed connection without response'))
2025-09-08 17:24:17,472 - INFO - Processing 811/2283: 601155
2025-09-08 17:24:19,122 - ERROR - Error collecting 601155: ('Connection aborted.', RemoteDisconnected('Remote end closed connection without response'))
2025-09-08 17:24:19,122 - INFO - Processing 812/2283: 601156
2025-09-08 17:24:20,754 - ERROR - Error collecting 601156: ('Connection aborted.', RemoteDisconnected('Remote end closed connection without response'))
2025-09-08 17:24:20,754 - INFO - Processing 813/2283: 601158
2025-09-08 17:24:22,394 - ERROR - Error collecting 601158: ('Connection aborted.', RemoteDisconnected('Remote end closed connection without response'))
2025-09-08 17:24:22,394 - INFO - Processing 814/2283: 601162
2025-09-08 17:24:24,032 - ERROR - Error collecting 601162: ('Connection aborted.', RemoteDisconnected('Remote end closed connection without response'))
2025-09-08 17:24:24,032 - INFO - Processing 815/2283: 601163
2025-09-08 17:24:25,682 - ERROR - Error collecting 601163: ('Connection aborted.', RemoteDisconnected('Remote end closed connection without response'))
2025-09-08 17:24:25,682 - INFO - Processing 816/2283: 601166
2025-09-08 17:24:27,320 - ERROR - Error collecting 601166: ('Connection aborted.', RemoteDisconnected('Remote end closed connection without response'))
2025-09-08 17:24:27,321 - INFO - Processing 817/2283: 601168
2025-09-08 17:24:28,974 - ERROR - Error collecting 601168: ('Connection aborted.', RemoteDisconnected('Remote end closed connection without response'))
2025-09-08 17:24:28,975 - INFO - Processing 818/2283: 601169
2025-09-08 17:24:30,600 - ERROR - Error collecting 601169: ('Connection aborted.', RemoteDisconnected('Remote end closed connection without response'))
2025-09-08 17:24:30,600 - INFO - Processing 819/2283: 601177
2025-09-08 17:24:32,240 - ERROR - Error collecting 601177: ('Connection aborted.', RemoteDisconnected('Remote end closed connection without response'))
2025-09-08 17:24:32,240 - INFO - Processing 820/2283: 601179
2025-09-08 17:24:33,869 - ERROR - Error collecting 601179: ('Connection aborted.', RemoteDisconnected('Remote end closed connection without response'))
2025-09-08 17:24:33,869 - INFO - Processing 821/2283: 601186
2025-09-08 17:24:35,514 - ERROR - Error collecting 601186: ('Connection aborted.', RemoteDisconnected('Remote end closed connection without response'))
2025-09-08 17:24:35,515 - INFO - Processing 822/2283: 601187
2025-09-08 17:24:37,171 - ERROR - Error collecting 601187: ('Connection aborted.', RemoteDisconnected('Remote end closed connection without response'))
2025-09-08 17:24:37,172 - INFO - Processing 823/2283: 601188
2025-09-08 17:24:38,818 - ERROR - Error collecting 601188: ('Connection aborted.', RemoteDisconnected('Remote end closed connection without response'))
2025-09-08 17:24:38,818 - INFO - Processing 824/2283: 601198
2025-09-08 17:24:40,463 - ERROR - Error collecting 601198: ('Connection aborted.', RemoteDisconnected('Remote end closed connection without response'))
2025-09-08 17:24:40,463 - INFO - Processing 825/2283: 601199
2025-09-08 17:24:42,108 - ERROR - Error collecting 601199: ('Connection aborted.', RemoteDisconnected('Remote end closed connection without response'))
2025-09-08 17:24:42,109 - INFO - Processing 826/2283: 601200
2025-09-08 17:24:43,755 - ERROR - Error collecting 601200: ('Connection aborted.', RemoteDisconnected('Remote end closed connection without response'))
2025-09-08 17:24:43,755 - INFO - Processing 827/2283: 601208
2025-09-08 17:24:45,402 - ERROR - Error collecting 601208: ('Connection aborted.', RemoteDisconnected('Remote end closed connection without response'))
2025-09-08 17:24:45,403 - INFO - Processing 828/2283: 601211
2025-09-08 17:24:47,050 - ERROR - Error collecting 601211: ('Connection aborted.', RemoteDisconnected('Remote end closed connection without response'))
2025-09-08 17:24:47,051 - INFO - Processing 829/2283: 601212
2025-09-08 17:24:48,696 - ERROR - Error collecting 601212: ('Connection aborted.', RemoteDisconnected('Remote end closed connection without response'))
2025-09-08 17:24:48,696 - INFO - Processing 830/2283: 601216
2025-09-08 17:24:50,347 - ERROR - Error collecting 601216: ('Connection aborted.', RemoteDisconnected('Remote end closed connection without response'))
2025-09-08 17:24:50,347 - INFO - Processing 831/2283: 601218
2025-09-08 17:24:51,981 - ERROR - Error collecting 601218: ('Connection aborted.', RemoteDisconnected('Remote end closed connection without response'))
2025-09-08 17:24:51,981 - INFO - Processing 832/2283: 601222
2025-09-08 17:24:53,641 - ERROR - Error collecting 601222: ('Connection aborted.', RemoteDisconnected('Remote end closed connection without response'))
2025-09-08 17:24:53,641 - INFO - Processing 833/2283: 601225
2025-09-08 17:24:55,293 - ERROR - Error collecting 601225: ('Connection aborted.', RemoteDisconnected('Remote end closed connection without response'))
2025-09-08 17:24:55,293 - INFO - Processing 834/2283: 601226
2025-09-08 17:24:56,929 - ERROR - Error collecting 601226: ('Connection aborted.', RemoteDisconnected('Remote end closed connection without response'))
2025-09-08 17:24:56,929 - INFO - Processing 835/2283: 601228
2025-09-08 17:24:58,577 - ERROR - Error collecting 601228: ('Connection aborted.', RemoteDisconnected('Remote end closed connection without response'))
2025-09-08 17:24:58,577 - INFO - Processing 836/2283: 601229
2025-09-08 17:25:00,215 - ERROR - Error collecting 601229: ('Connection aborted.', RemoteDisconnected('Remote end closed connection without response'))
2025-09-08 17:25:00,215 - INFO - Processing 837/2283: 601231
2025-09-08 17:25:01,855 - ERROR - Error collecting 601231: ('Connection aborted.', RemoteDisconnected('Remote end closed connection without response'))
2025-09-08 17:25:01,855 - INFO - Processing 838/2283: 601233
2025-09-08 17:25:03,501 - ERROR - Error collecting 601233: ('Connection aborted.', RemoteDisconnected('Remote end closed connection without response'))
2025-09-08 17:25:03,501 - INFO - Processing 839/2283: 601236
2025-09-08 17:25:05,147 - ERROR - Error collecting 601236: ('Connection aborted.', RemoteDisconnected('Remote end closed connection without response'))
2025-09-08 17:25:05,147 - INFO - Processing 840/2283: 601238
2025-09-08 17:25:06,791 - ERROR - Error collecting 601238: ('Connection aborted.', RemoteDisconnected('Remote end closed connection without response'))
2025-09-08 17:25:06,791 - INFO - Processing 841/2283: 601279
2025-09-08 17:25:08,433 - ERROR - Error collecting 601279: ('Connection aborted.', RemoteDisconnected('Remote end closed connection without response'))
2025-09-08 17:25:08,433 - INFO - Processing 842/2283: 601288
2025-09-08 17:25:10,072 - ERROR - Error collecting 601288: ('Connection aborted.', RemoteDisconnected('Remote end closed connection without response'))
2025-09-08 17:25:10,073 - INFO - Processing 843/2283: 601298
2025-09-08 17:25:11,709 - ERROR - Error collecting 601298: ('Connection aborted.', RemoteDisconnected('Remote end closed connection without response'))
2025-09-08 17:25:11,709 - INFO - Processing 844/2283: 601311
2025-09-08 17:25:13,351 - ERROR - Error collecting 601311: ('Connection aborted.', RemoteDisconnected('Remote end closed connection without response'))
2025-09-08 17:25:13,351 - INFO - Processing 845/2283: 601318
2025-09-08 17:25:14,991 - ERROR - Error collecting 601318: ('Connection aborted.', RemoteDisconnected('Remote end closed connection without response'))
2025-09-08 17:25:14,991 - INFO - Processing 846/2283: 601319
2025-09-08 17:25:16,645 - ERROR - Error collecting 601319: ('Connection aborted.', RemoteDisconnected('Remote end closed connection without response'))
2025-09-08 17:25:16,645 - INFO - Processing 847/2283: 601326
2025-09-08 17:25:18,275 - ERROR - Error collecting 601326: ('Connection aborted.', RemoteDisconnected('Remote end closed connection without response'))
2025-09-08 17:25:18,275 - INFO - Processing 848/2283: 601328
2025-09-08 17:25:19,903 - ERROR - Error collecting 601328: ('Connection aborted.', RemoteDisconnected('Remote end closed connection without response'))
2025-09-08 17:25:19,903 - INFO - Processing 849/2283: 601330
2025-09-08 17:25:21,547 - ERROR - Error collecting 601330: ('Connection aborted.', RemoteDisconnected('Remote end closed connection without response'))
2025-09-08 17:25:21,548 - INFO - Processing 850/2283: 601333
2025-09-08 17:25:23,189 - ERROR - Error collecting 601333: ('Connection aborted.', RemoteDisconnected('Remote end closed connection without response'))
2025-09-08 17:25:23,189 - INFO - Progress: 850/2283 - Success: 715, Failed: 135
2025-09-08 17:25:23,189 - INFO - Processing 851/2283: 601336
2025-09-08 17:25:24,827 - ERROR - Error collecting 601336: ('Connection aborted.', RemoteDisconnected('Remote end closed connection without response'))
2025-09-08 17:25:24,827 - INFO - Processing 852/2283: 601339
2025-09-08 17:25:26,484 - ERROR - Error collecting 601339: ('Connection aborted.', RemoteDisconnected('Remote end closed connection without response'))
2025-09-08 17:25:26,484 - INFO - Processing 853/2283: 601360
2025-09-08 17:25:28,120 - ERROR - Error collecting 601360: ('Connection aborted.', RemoteDisconnected('Remote end closed connection without response'))
2025-09-08 17:25:28,120 - INFO - Processing 854/2283: 601366
2025-09-08 17:25:29,760 - ERROR - Error collecting 601366: ('Connection aborted.', RemoteDisconnected('Remote end closed connection without response'))
2025-09-08 17:25:29,760 - INFO - Processing 855/2283: 601368
2025-09-08 17:25:31,401 - ERROR - Error collecting 601368: ('Connection aborted.', RemoteDisconnected('Remote end closed connection without response'))
2025-09-08 17:25:31,401 - INFO - Processing 856/2283: 601369
2025-09-08 17:25:33,046 - ERROR - Error collecting 601369: ('Connection aborted.', RemoteDisconnected('Remote end closed connection without response'))
2025-09-08 17:25:33,046 - INFO - Processing 857/2283: 601375
2025-09-08 17:25:34,701 - ERROR - Error collecting 601375: ('Connection aborted.', RemoteDisconnected('Remote end closed connection without response'))
2025-09-08 17:25:34,702 - INFO - Processing 858/2283: 601377
2025-09-08 17:25:36,347 - ERROR - Error collecting 601377: ('Connection aborted.', RemoteDisconnected('Remote end closed connection without response'))
2025-09-08 17:25:36,348 - INFO - Processing 859/2283: 601388
2025-09-08 17:25:37,992 - ERROR - Error collecting 601388: ('Connection aborted.', RemoteDisconnected('Remote end closed connection without response'))
2025-09-08 17:25:37,992 - INFO - Processing 860/2283: 601390
2025-09-08 17:25:39,635 - ERROR - Error collecting 601390: ('Connection aborted.', RemoteDisconnected('Remote end closed connection without response'))
2025-09-08 17:25:39,636 - INFO - Processing 861/2283: 601398
2025-09-08 17:25:41,265 - ERROR - Error collecting 601398: ('Connection aborted.', RemoteDisconnected('Remote end closed connection without response'))
2025-09-08 17:25:41,266 - INFO - Processing 862/2283: 601399
2025-09-08 17:25:42,906 - ERROR - Error collecting 601399: ('Connection aborted.', RemoteDisconnected('Remote end closed connection without response'))
2025-09-08 17:25:42,906 - INFO - Processing 863/2283: 601456
2025-09-08 17:25:44,550 - ERROR - Error collecting 601456: ('Connection aborted.', RemoteDisconnected('Remote end closed connection without response'))
2025-09-08 17:25:44,550 - INFO - Processing 864/2283: 601500
2025-09-08 17:25:46,305 - INFO - Processing 865/2283: 601512
2025-09-08 17:25:47,951 - ERROR - Error collecting 601512: ('Connection aborted.', RemoteDisconnected('Remote end closed connection without response'))
2025-09-08 17:25:47,952 - INFO - Processing 866/2283: 601515
2025-09-08 17:25:49,592 - ERROR - Error collecting 601515: ('Connection aborted.', RemoteDisconnected('Remote end closed connection without response'))
2025-09-08 17:25:49,592 - INFO - Processing 867/2283: 601518
2025-09-08 17:25:51,238 - ERROR - Error collecting 601518: ('Connection aborted.', RemoteDisconnected('Remote end closed connection without response'))
2025-09-08 17:25:51,238 - INFO - Processing 868/2283: 601519
2025-09-08 17:25:52,877 - ERROR - Error collecting 601519: ('Connection aborted.', RemoteDisconnected('Remote end closed connection without response'))
2025-09-08 17:25:52,878 - INFO - Processing 869/2283: 601528
2025-09-08 17:25:54,516 - ERROR - Error collecting 601528: ('Connection aborted.', RemoteDisconnected('Remote end closed connection without response'))
2025-09-08 17:25:54,516 - INFO - Processing 870/2283: 601555
2025-09-08 17:25:56,166 - ERROR - Error collecting 601555: ('Connection aborted.', RemoteDisconnected('Remote end closed connection without response'))
2025-09-08 17:25:56,167 - INFO - Processing 871/2283: 601566
2025-09-08 17:25:57,806 - ERROR - Error collecting 601566: ('Connection aborted.', RemoteDisconnected('Remote end closed connection without response'))
2025-09-08 17:25:57,806 - INFO - Processing 872/2283: 601567
2025-09-08 17:25:59,442 - ERROR - Error collecting 601567: ('Connection aborted.', RemoteDisconnected('Remote end closed connection without response'))
2025-09-08 17:25:59,442 - INFO - Processing 873/2283: 601568
2025-09-08 17:26:01,076 - ERROR - Error collecting 601568: ('Connection aborted.', RemoteDisconnected('Remote end closed connection without response'))
2025-09-08 17:26:01,076 - INFO - Processing 874/2283: 601577
2025-09-08 17:26:02,707 - ERROR - Error collecting 601577: ('Connection aborted.', RemoteDisconnected('Remote end closed connection without response'))
2025-09-08 17:26:02,708 - INFO - Processing 875/2283: 601579
2025-09-08 17:26:04,348 - ERROR - Error collecting 601579: ('Connection aborted.', RemoteDisconnected('Remote end closed connection without response'))
2025-09-08 17:26:04,348 - INFO - Processing 876/2283: 601588
2025-09-08 17:26:06,010 - ERROR - Error collecting 601588: ('Connection aborted.', RemoteDisconnected('Remote end closed connection without response'))
2025-09-08 17:26:06,011 - INFO - Processing 877/2283: 601595
2025-09-08 17:26:07,651 - ERROR - Error collecting 601595: ('Connection aborted.', RemoteDisconnected('Remote end closed connection without response'))
2025-09-08 17:26:07,651 - INFO - Processing 878/2283: 601598
2025-09-08 17:26:09,298 - ERROR - Error collecting 601598: ('Connection aborted.', RemoteDisconnected('Remote end closed connection without response'))
2025-09-08 17:26:09,298 - INFO - Processing 879/2283: 601599
2025-09-08 17:26:10,930 - ERROR - Error collecting 601599: ('Connection aborted.', RemoteDisconnected('Remote end closed connection without response'))
2025-09-08 17:26:10,930 - INFO - Processing 880/2283: 601600
2025-09-08 17:26:12,570 - ERROR - Error collecting 601600: ('Connection aborted.', RemoteDisconnected('Remote end closed connection without response'))
2025-09-08 17:26:12,570 - INFO - Processing 881/2283: 601601
2025-09-08 17:26:14,214 - ERROR - Error collecting 601601: ('Connection aborted.', RemoteDisconnected('Remote end closed connection without response'))
2025-09-08 17:26:14,214 - INFO - Processing 882/2283: 601606
2025-09-08 17:26:15,864 - ERROR - Error collecting 601606: ('Connection aborted.', RemoteDisconnected('Remote end closed connection without response'))
2025-09-08 17:26:15,864 - INFO - Processing 883/2283: 601607
2025-09-08 17:26:17,498 - ERROR - Error collecting 601607: ('Connection aborted.', RemoteDisconnected('Remote end closed connection without response'))
2025-09-08 17:26:17,498 - INFO - Processing 884/2283: 601608
2025-09-08 17:26:19,148 - ERROR - Error collecting 601608: ('Connection aborted.', RemoteDisconnected('Remote end closed connection without response'))
2025-09-08 17:26:19,149 - INFO - Processing 885/2283: 601609
2025-09-08 17:30:56,630 - INFO - Shanghai Direct Collector initialized
2025-09-08 17:30:56,630 - INFO - Data directory: qlib_shanghai_robust_data
2025-09-08 17:30:56,630 - INFO - Date range: 20241201 to 20241210
2025-09-08 17:30:56,630 - INFO - Collection parameters:
2025-09-08 17:30:56,630 - INFO -   Date range: 20241201 to 20241210
2025-09-08 17:30:56,630 - INFO -   Data directory: ./qlib_shanghai_robust_data
2025-09-08 17:30:56,630 - INFO -   Delay: 2.5 seconds
2025-09-08 17:30:56,630 - INFO -   Limit stocks: 5
2025-09-08 17:30:56,630 - INFO -   Resume: False
2025-09-08 17:30:56,630 - INFO - ================================================================================
2025-09-08 17:30:56,630 - INFO - ROBUST SHANGHAI STOCK COLLECTION
2025-09-08 17:30:56,630 - INFO - ================================================================================
2025-09-08 17:30:56,630 - INFO - Resume mode: False
2025-09-08 17:30:56,630 - INFO - Retry failed: True
2025-09-08 17:30:56,630 - INFO - Step 1: Collecting stock data...
2025-09-08 17:30:56,630 - INFO - Fetching Shanghai stock list...
2025-09-08 17:31:05,248 - INFO - Found 2283 Shanghai stocks
2025-09-08 17:31:05,248 - INFO - Limited to first 5 stocks
2025-09-08 17:31:05,248 - INFO - Starting collection for 5 stocks (from index 0)...
2025-09-08 17:31:05,249 - INFO - Processing 1/5: 600000
2025-09-08 17:31:07,884 - WARNING - Network error for 600000 (attempt 1): ('Connection aborted.', RemoteDisconnected('Remote end closed connection without response'))
2025-09-08 17:31:16,642 - INFO - Retry 1/4 for 600000
2025-09-08 17:31:16,774 - WARNING - Network error for 600000 (attempt 2): ('Connection aborted.', RemoteDisconnected('Remote end closed connection without response'))
2025-09-08 17:31:26,783 - INFO - Retry 2/4 for 600000
2025-09-08 17:31:26,906 - WARNING - Network error for 600000 (attempt 3): ('Connection aborted.', RemoteDisconnected('Remote end closed connection without response'))
2025-09-08 17:31:38,164 - INFO - Retry 3/4 for 600000
2025-09-08 17:31:38,294 - WARNING - Network error for 600000 (attempt 4): ('Connection aborted.', RemoteDisconnected('Remote end closed connection without response'))
2025-09-08 17:31:50,798 - INFO - Retry 4/4 for 600000
2025-09-08 17:31:50,920 - ERROR - Failed to collect 600000 after 5 attempts: ('Connection aborted.', RemoteDisconnected('Remote end closed connection without response'))
2025-09-08 17:31:50,920 - WARNING -  Failed to collect 600000
2025-09-08 17:31:50,920 - INFO - Processing 2/5: 600004
2025-09-08 17:31:53,563 - WARNING - Network error for 600004 (attempt 1): ('Connection aborted.', RemoteDisconnected('Remote end closed connection without response'))
2025-09-08 17:32:02,323 - INFO - Retry 1/4 for 600004
2025-09-08 17:32:02,463 - WARNING - Network error for 600004 (attempt 2): ('Connection aborted.', RemoteDisconnected('Remote end closed connection without response'))
2025-09-08 17:32:12,474 - INFO - Retry 2/4 for 600004
2025-09-08 17:32:12,611 - WARNING - Network error for 600004 (attempt 3): ('Connection aborted.', RemoteDisconnected('Remote end closed connection without response'))
2025-09-08 17:32:23,866 - INFO - Retry 3/4 for 600004
2025-09-08 17:32:24,009 - WARNING - Network error for 600004 (attempt 4): ('Connection aborted.', RemoteDisconnected('Remote end closed connection without response'))
2025-09-08 17:32:36,518 - INFO - Retry 4/4 for 600004
2025-09-08 17:32:36,660 - ERROR - Failed to collect 600004 after 5 attempts: ('Connection aborted.', RemoteDisconnected('Remote end closed connection without response'))
2025-09-08 17:32:36,660 - WARNING -  Failed to collect 600004
2025-09-08 17:32:36,660 - INFO - Processing 3/5: 600006
2025-09-08 17:32:39,303 - WARNING - Network error for 600006 (attempt 1): ('Connection aborted.', RemoteDisconnected('Remote end closed connection without response'))
2025-09-08 17:32:48,063 - INFO - Retry 1/4 for 600006
2025-09-08 17:32:48,217 - WARNING - Network error for 600006 (attempt 2): ('Connection aborted.', RemoteDisconnected('Remote end closed connection without response'))
2025-09-08 17:32:58,219 - INFO - Retry 2/4 for 600006
2025-09-08 17:32:58,364 - WARNING - Network error for 600006 (attempt 3): ('Connection aborted.', RemoteDisconnected('Remote end closed connection without response'))
2025-09-08 17:33:09,624 - INFO - Retry 3/4 for 600006
2025-09-08 17:33:09,764 - WARNING - Network error for 600006 (attempt 4): ('Connection aborted.', RemoteDisconnected('Remote end closed connection without response'))
2025-09-08 17:33:22,270 - INFO - Retry 4/4 for 600006
2025-09-08 17:33:22,415 - ERROR - Failed to collect 600006 after 5 attempts: ('Connection aborted.', RemoteDisconnected('Remote end closed connection without response'))
2025-09-08 17:33:22,415 - WARNING -  Failed to collect 600006
2025-09-08 17:33:22,415 - INFO - Processing 4/5: 600007
2025-09-08 17:33:25,052 - WARNING - Network error for 600007 (attempt 1): ('Connection aborted.', RemoteDisconnected('Remote end closed connection without response'))
2025-09-08 17:33:33,809 - INFO - Retry 1/4 for 600007
2025-09-08 17:33:33,951 - WARNING - Network error for 600007 (attempt 2): ('Connection aborted.', RemoteDisconnected('Remote end closed connection without response'))
2025-09-08 17:33:43,961 - INFO - Retry 2/4 for 600007
2025-09-08 17:33:44,102 - WARNING - Network error for 600007 (attempt 3): ('Connection aborted.', RemoteDisconnected('Remote end closed connection without response'))
2025-09-08 17:33:55,362 - INFO - Retry 3/4 for 600007
2025-09-08 17:33:55,507 - WARNING - Network error for 600007 (attempt 4): ('Connection aborted.', RemoteDisconnected('Remote end closed connection without response'))
2025-09-08 17:34:08,013 - INFO - Retry 4/4 for 600007
2025-09-08 17:34:08,159 - ERROR - Failed to collect 600007 after 5 attempts: ('Connection aborted.', RemoteDisconnected('Remote end closed connection without response'))
2025-09-08 17:34:08,159 - WARNING -  Failed to collect 600007
2025-09-08 17:34:08,159 - INFO - Processing 5/5: 600008
2025-09-08 17:34:10,793 - WARNING - Network error for 600008 (attempt 1): ('Connection aborted.', RemoteDisconnected('Remote end closed connection without response'))
2025-09-08 17:34:19,550 - INFO - Retry 1/4 for 600008
2025-09-08 17:34:19,691 - WARNING - Network error for 600008 (attempt 2): ('Connection aborted.', RemoteDisconnected('Remote end closed connection without response'))
2025-09-08 17:34:29,698 - INFO - Retry 2/4 for 600008
2025-09-08 17:34:29,827 - WARNING - Network error for 600008 (attempt 3): ('Connection aborted.', RemoteDisconnected('Remote end closed connection without response'))
2025-09-08 17:34:41,088 - INFO - Retry 3/4 for 600008
2025-09-08 17:34:41,240 - WARNING - Network error for 600008 (attempt 4): ('Connection aborted.', RemoteDisconnected('Remote end closed connection without response'))
2025-09-08 17:34:53,750 - INFO - Retry 4/4 for 600008
2025-09-08 17:34:53,888 - ERROR - Failed to collect 600008 after 5 attempts: ('Connection aborted.', RemoteDisconnected('Remote end closed connection without response'))
2025-09-08 17:34:53,888 - WARNING -  Failed to collect 600008
2025-09-08 17:34:53,889 - INFO - Collection completed: 0 successful, 5 failed (0.0% success rate)
2025-09-08 17:34:53,889 - INFO - Failed stocks saved to: qlib_shanghai_robust_data/failed_stocks_final.txt
2025-09-08 17:34:53,890 - ERROR - Stock data collection failed!
2025-09-08 17:34:53,890 - ERROR - Collection process failed!
