2025-09-08 17:36:20,300 - INFO - Network Robust Collector initialized
2025-09-08 17:36:20,300 - INFO - Data directory: qlib_shanghai_network_data
2025-09-08 17:36:20,300 - INFO - Date range: 20241201 to 20241210
2025-09-08 17:36:20,300 - INFO - Collection parameters:
2025-09-08 17:36:20,301 - INFO -   Date range: 20241201 to 20241210
2025-09-08 17:36:20,301 - INFO -   Data directory: ./qlib_shanghai_network_data
2025-09-08 17:36:20,301 - INFO -   Base delay: 5.0 seconds
2025-09-08 17:36:20,301 - INFO -   Limit stocks: 2
2025-09-08 17:36:20,301 - INFO - ================================================================================
2025-09-08 17:36:20,301 - INFO - NETWORK-ROBUST SHANGHAI STOCK COLLECTION
2025-09-08 17:36:20,301 - INFO - ================================================================================
2025-09-08 17:36:20,301 - INFO - Step 1: Collecting stock data with network robustness...
2025-09-08 17:36:20,301 - INFO - Fetching Shanghai stock list (attempt 1)...
2025-09-08 17:36:27,941 - INFO - Found 2283 Shanghai stocks
2025-09-08 17:36:27,941 - INFO - Limited to first 2 stocks
2025-09-08 17:36:27,941 - INFO - Starting collection for 2 stocks...
2025-09-08 17:36:27,942 - INFO - Processing 1/2: 600000
2025-09-08 17:36:33,382 - WARNING - Network/Rate limit error for 600000 (attempt 1): ('Connection aborted.', RemoteDisconnected('Remote end closed connection without response'))
2025-09-08 17:36:33,382 - INFO - Waiting 5.0s before retry...
2025-09-08 17:36:45,177 - INFO - Retry 1/9 for 600000 (delay: 6.8s)
2025-09-08 17:36:45,316 - WARNING - Network/Rate limit error for 600000 (attempt 2): ('Connection aborted.', RemoteDisconnected('Remote end closed connection without response'))
2025-09-08 17:36:45,316 - INFO - Waiting 10.0s before retry...
2025-09-08 17:37:03,762 - INFO - Retry 2/9 for 600000 (delay: 8.4s)
2025-09-08 17:37:03,894 - WARNING - Network/Rate limit error for 600000 (attempt 3): ('Connection aborted.', RemoteDisconnected('Remote end closed connection without response'))
2025-09-08 17:37:03,894 - INFO - Waiting 20.0s before retry...
2025-09-08 17:58:55,803 - INFO - Network Robust Collector initialized
2025-09-08 17:58:55,803 - INFO - Data directory: qlib_shanghai_network_data
2025-09-08 17:58:55,803 - INFO - Date range: 20241201 to 20241210
2025-09-08 17:58:55,803 - INFO - Collection parameters:
2025-09-08 17:58:55,803 - INFO -   Date range: 20241201 to 20241210
2025-09-08 17:58:55,803 - INFO -   Data directory: ./qlib_shanghai_network_data
2025-09-08 17:58:55,803 - INFO -   Base delay: 5.0 seconds
2025-09-08 17:58:55,803 - INFO -   Limit stocks: 2
2025-09-08 17:58:55,803 - INFO - ================================================================================
2025-09-08 17:58:55,804 - INFO - NETWORK-ROBUST SHANGHAI STOCK COLLECTION
2025-09-08 17:58:55,804 - INFO - ================================================================================
2025-09-08 17:58:55,804 - INFO - Step 1: Collecting stock data with network robustness...
2025-09-08 17:58:55,804 - INFO - Fetching Shanghai stock list (attempt 1)...
2025-09-08 17:59:02,253 - INFO - Found 2283 Shanghai stocks
2025-09-08 17:59:02,254 - INFO - Limited to first 2 stocks
2025-09-08 17:59:02,254 - INFO - Starting collection for 2 stocks...
2025-09-08 17:59:02,254 - INFO - Processing 1/2: 600000
2025-09-08 17:59:07,554 - WARNING - Network/Rate limit error for 600000 (attempt 1): ('Connection aborted.', RemoteDisconnected('Remote end closed connection without response'))
2025-09-08 17:59:07,554 - INFO - Waiting 5.0s before retry...
2025-09-08 18:14:27,114 - INFO - Network Robust Collector initialized
2025-09-08 18:14:27,114 - INFO - Data directory: qlib_shanghai_network_data
2025-09-08 18:14:27,114 - INFO - Date range: 20241201 to 20241210
2025-09-08 18:14:27,114 - INFO - Collection parameters:
2025-09-08 18:14:27,114 - INFO -   Date range: 20241201 to 20241210
2025-09-08 18:14:27,114 - INFO -   Data directory: ./qlib_shanghai_network_data
2025-09-08 18:14:27,114 - INFO -   Base delay: 5.0 seconds
2025-09-08 18:14:27,114 - INFO -   Limit stocks: 2
2025-09-08 18:14:27,114 - INFO - ================================================================================
2025-09-08 18:14:27,114 - INFO - NETWORK-ROBUST SHANGHAI STOCK COLLECTION
2025-09-08 18:14:27,114 - INFO - ================================================================================
2025-09-08 18:14:27,114 - INFO - Step 1: Collecting stock data with network robustness...
2025-09-08 18:14:27,114 - INFO - Fetching Shanghai stock list (attempt 1)...
2025-09-08 18:14:34,000 - INFO - Found 2283 Shanghai stocks
2025-09-08 18:14:34,000 - INFO - Limited to first 2 stocks
2025-09-08 18:14:34,000 - INFO - Starting collection for 2 stocks...
2025-09-08 18:14:34,000 - INFO - Processing 1/2: 600000
2025-09-08 18:14:39,440 - WARNING - Network/Rate limit error for 600000 (attempt 1): ('Connection aborted.', RemoteDisconnected('Remote end closed connection without response'))
2025-09-08 18:14:39,441 - INFO - Waiting 5.0s before retry...
2025-09-08 19:27:09,767 - INFO - Network Robust Collector initialized
2025-09-08 19:27:09,767 - INFO - Data directory: qlib_shanghai_network_data
2025-09-08 19:27:09,767 - INFO - Date range: 20241201 to 20241210
2025-09-08 19:27:09,767 - INFO - Collection parameters:
2025-09-08 19:27:09,768 - INFO -   Date range: 20241201 to 20241210
2025-09-08 19:27:09,768 - INFO -   Data directory: ./qlib_shanghai_network_data
2025-09-08 19:27:09,768 - INFO -   Base delay: 5.0 seconds
2025-09-08 19:27:09,768 - INFO -   Limit stocks: 2
2025-09-08 19:27:09,768 - INFO - ================================================================================
2025-09-08 19:27:09,768 - INFO - NETWORK-ROBUST SHANGHAI STOCK COLLECTION
2025-09-08 19:27:09,768 - INFO - ================================================================================
2025-09-08 19:27:09,768 - INFO - Step 1: Collecting stock data with network robustness...
2025-09-08 19:27:09,768 - INFO - Fetching Shanghai stock list (attempt 1)...
2025-09-08 19:27:17,159 - INFO - Found 2283 Shanghai stocks
2025-09-08 19:27:17,160 - INFO - Limited to first 2 stocks
2025-09-08 19:27:17,160 - INFO - Starting collection for 2 stocks...
2025-09-08 19:27:17,160 - INFO - Processing 1/2: 600000
2025-09-08 19:27:22,546 - WARNING - Network/Rate limit error for 600000 (attempt 1): ('Connection aborted.', RemoteDisconnected('Remote end closed connection without response'))
2025-09-08 19:27:22,546 - INFO - Waiting 5.0s before retry...
2025-09-08 19:42:37,609 - INFO - Network Robust Collector initialized
2025-09-08 19:42:37,609 - INFO - Data directory: qlib_shanghai_network_data
2025-09-08 19:42:37,609 - INFO - Date range: 20241201 to 20241210
2025-09-08 19:42:37,609 - INFO - Collection parameters:
2025-09-08 19:42:37,609 - INFO -   Date range: 20241201 to 20241210
2025-09-08 19:42:37,609 - INFO -   Data directory: ./qlib_shanghai_network_data
2025-09-08 19:42:37,609 - INFO -   Base delay: 5.0 seconds
2025-09-08 19:42:37,609 - INFO -   Limit stocks: 2
2025-09-08 19:42:37,609 - INFO - ================================================================================
2025-09-08 19:42:37,609 - INFO - NETWORK-ROBUST SHANGHAI STOCK COLLECTION
2025-09-08 19:42:37,609 - INFO - ================================================================================
2025-09-08 19:42:37,609 - INFO - Step 1: Collecting stock data with network robustness...
2025-09-08 19:42:37,609 - INFO - Fetching Shanghai stock list (attempt 1)...
2025-09-08 19:42:44,154 - INFO - Found 2283 Shanghai stocks
2025-09-08 19:42:44,154 - INFO - Limited to first 2 stocks
2025-09-08 19:42:44,154 - INFO - Starting collection for 2 stocks...
2025-09-08 19:42:44,155 - INFO - Processing 1/2: 600000
2025-09-08 19:42:50,059 - WARNING - Network/Rate limit error for 600000 (attempt 1): ('Connection aborted.', RemoteDisconnected('Remote end closed connection without response'))
2025-09-08 19:42:50,060 - INFO - Waiting 5.0s before retry...
